# JRE version: OpenJDK Runtime Environment Temurin-21.0.8+9 (21.0.8+9) (build 21.0.8+9-LTS)
# Java VM: OpenJDK 64-Bit Server VM Temurin-21.0.8+9 (21.0.8+9-LTS, mixed mode, sharing, tiered, compressed oops, compressed class ptrs, parallel gc, windows-amd64)
GC Precious Log:
 CardTable entry size: 512
 CPUs: 12 total, 12 available
 Memory: 7895M
 Large Page Support: Disabled
 NUMA Support: Disabled
 Compressed Oops: Enabled (32-bit)
 Alignments: Space 512K, Generation 512K, Heap 2M
 Heap Min Capacity: 100M
 Heap Initial Capacity: 100M
 Heap Max Capacity: 2G
 Pre-touch: Disabled
 Parallel Workers: 10
Heap:
 PSYoungGen      total 6144K, used 6119K [0x00000000d5580000, 0x00000000d6700000, 0x0000000100000000)
  eden space 2048K, 100% used [0x00000000d5580000,0x00000000d5780000,0x00000000d5780000)
  from space 4096K, 99% used [0x00000000d5e00000,0x00000000d61f9c38,0x00000000d6200000)
  to   space 6656K, 22% used [0x00000000d5780000,0x00000000d58fa108,0x00000000d5e00000)
 ParOldGen       total 636928K, used 636924K [0x0000000080000000, 0x00000000a6e00000, 0x00000000d5580000)
  object space 636928K, 99% used [0x0000000080000000,0x00000000a6dff330,0x00000000a6e00000)
 Metaspace       used 65612K, committed 67136K, reserved 1114112K
  class space    used 6862K, committed 7616K, reserved 1048576K
GC Heap History (20 events):
Event: 13.977 GC heap after
{Heap after GC invocations=778 (full 3):
 PSYoungGen      total 5632K, used 1020K [0x00000000d5580000, 0x00000000d6100000, 0x0000000100000000)
  eden space 4608K, 0% used [0x00000000d5580000,0x00000000d5580000,0x00000000d5a00000)
  from space 1024K, 99% used [0x00000000d5a00000,0x00000000d5aff208,0x00000000d5b00000)
  to   space 3584K, 0% used [0x00000000d5d80000,0x00000000d5d80000,0x00000000d6100000)
 ParOldGen       total 623104K, used 622953K [0x0000000080000000, 0x00000000a6080000, 0x00000000d5580000)
  object space 623104K, 99% used [0x0000000080000000,0x00000000a605a498,0x00000000a6080000)
 Metaspace       used 65348K, committed 66880K, reserved 1114112K
  class space    used 6848K, committed 7616K, reserved 1048576K
}
Event: 13.982 GC heap before
{Heap before GC invocations=779 (full 3):
 PSYoungGen      total 5632K, used 5628K [0x00000000d5580000, 0x00000000d6100000, 0x0000000100000000)
  eden space 4608K, 99% used [0x00000000d5580000,0x00000000d59ffff0,0x00000000d5a00000)
  from space 1024K, 99% used [0x00000000d5a00000,0x00000000d5aff208,0x00000000d5b00000)
  to   space 3584K, 0% used [0x00000000d5d80000,0x00000000d5d80000,0x00000000d6100000)
 ParOldGen       total 623104K, used 623031K [0x0000000080000000, 0x00000000a6080000, 0x00000000d5580000)
  object space 623104K, 99% used [0x0000000080000000,0x00000000a606dea8,0x00000000a6080000)
 Metaspace       used 65348K, committed 66880K, reserved 1114112K
  class space    used 6848K, committed 7616K, reserved 1048576K
}
Event: 13.984 GC heap after
{Heap after GC invocations=779 (full 3):
 PSYoungGen      total 7168K, used 2537K [0x00000000d5580000, 0x00000000d6000000, 0x0000000100000000)
  eden space 4608K, 0% used [0x00000000d5580000,0x00000000d5580000,0x00000000d5a00000)
  from space 2560K, 99% used [0x00000000d5d80000,0x00000000d5ffa5c8,0x00000000d6000000)
  to   space 3072K, 0% used [0x00000000d5a00000,0x00000000d5a00000,0x00000000d5d00000)
 ParOldGen       total 624128K, used 624011K [0x0000000080000000, 0x00000000a6180000, 0x00000000d5580000)
  object space 624128K, 99% used [0x0000000080000000,0x00000000a6162f80,0x00000000a6180000)
 Metaspace       used 65348K, committed 66880K, reserved 1114112K
  class space    used 6848K, committed 7616K, reserved 1048576K
}
Event: 13.994 GC heap before
{Heap before GC invocations=780 (full 3):
 PSYoungGen      total 7168K, used 7145K [0x00000000d5580000, 0x00000000d6000000, 0x0000000100000000)
  eden space 4608K, 100% used [0x00000000d5580000,0x00000000d5a00000,0x00000000d5a00000)
  from space 2560K, 99% used [0x00000000d5d80000,0x00000000d5ffa5c8,0x00000000d6000000)
  to   space 3072K, 0% used [0x00000000d5a00000,0x00000000d5a00000,0x00000000d5d00000)
 ParOldGen       total 624128K, used 624011K [0x0000000080000000, 0x00000000a6180000, 0x00000000d5580000)
  object space 624128K, 99% used [0x0000000080000000,0x00000000a6162f80,0x00000000a6180000)
 Metaspace       used 65362K, committed 66944K, reserved 1114112K
  class space    used 6851K, committed 7616K, reserved 1048576K
}
Event: 13.996 GC heap after
{Heap after GC invocations=780 (full 3):
 PSYoungGen      total 6144K, used 1269K [0x00000000d5580000, 0x00000000d5e00000, 0x0000000100000000)
  eden space 4608K, 0% used [0x00000000d5580000,0x00000000d5580000,0x00000000d5a00000)
  from space 1536K, 82% used [0x00000000d5a00000,0x00000000d5b3d7a0,0x00000000d5b80000)
  to   space 2048K, 0% used [0x00000000d5c00000,0x00000000d5c00000,0x00000000d5e00000)
 ParOldGen       total 626688K, used 626403K [0x0000000080000000, 0x00000000a6400000, 0x00000000d5580000)
  object space 626688K, 99% used [0x0000000080000000,0x00000000a63b8da8,0x00000000a6400000)
 Metaspace       used 65362K, committed 66944K, reserved 1114112K
  class space    used 6851K, committed 7616K, reserved 1048576K
}
Event: 14.005 GC heap before
{Heap before GC invocations=781 (full 3):
 PSYoungGen      total 6144K, used 5877K [0x00000000d5580000, 0x00000000d5e00000, 0x0000000100000000)
  eden space 4608K, 100% used [0x00000000d5580000,0x00000000d5a00000,0x00000000d5a00000)
  from space 1536K, 82% used [0x00000000d5a00000,0x00000000d5b3d7a0,0x00000000d5b80000)
  to   space 2048K, 0% used [0x00000000d5c00000,0x00000000d5c00000,0x00000000d5e00000)
 ParOldGen       total 626688K, used 626403K [0x0000000080000000, 0x00000000a6400000, 0x00000000d5580000)
  object space 626688K, 99% used [0x0000000080000000,0x00000000a63b8da8,0x00000000a6400000)
 Metaspace       used 65362K, committed 66944K, reserved 1114112K
  class space    used 6851K, committed 7616K, reserved 1048576K
}
Event: 14.007 GC heap after
{Heap after GC invocations=781 (full 3):
 PSYoungGen      total 5632K, used 672K [0x00000000d5580000, 0x00000000d5d00000, 0x0000000100000000)
  eden space 4608K, 0% used [0x00000000d5580000,0x00000000d5580000,0x00000000d5a00000)
  from space 1024K, 65% used [0x00000000d5c00000,0x00000000d5ca8000,0x00000000d5d00000)
  to   space 1024K, 0% used [0x00000000d5b00000,0x00000000d5b00000,0x00000000d5c00000)
 ParOldGen       total 627712K, used 627460K [0x0000000080000000, 0x00000000a6500000, 0x00000000d5580000)
  object space 627712K, 99% used [0x0000000080000000,0x00000000a64c13f0,0x00000000a6500000)
 Metaspace       used 65362K, committed 66944K, reserved 1114112K
  class space    used 6851K, committed 7616K, reserved 1048576K
}
Event: 14.015 GC heap before
{Heap before GC invocations=782 (full 3):
 PSYoungGen      total 5632K, used 5280K [0x00000000d5580000, 0x00000000d5d00000, 0x0000000100000000)
  eden space 4608K, 100% used [0x00000000d5580000,0x00000000d5a00000,0x00000000d5a00000)
  from space 1024K, 65% used [0x00000000d5c00000,0x00000000d5ca8000,0x00000000d5d00000)
  to   space 1024K, 0% used [0x00000000d5b00000,0x00000000d5b00000,0x00000000d5c00000)
 ParOldGen       total 627712K, used 627460K [0x0000000080000000, 0x00000000a6500000, 0x00000000d5580000)
  object space 627712K, 99% used [0x0000000080000000,0x00000000a64c13f0,0x00000000a6500000)
 Metaspace       used 65375K, committed 66944K, reserved 1114112K
  class space    used 6851K, committed 7616K, reserved 1048576K
}
Event: 14.017 GC heap after
{Heap after GC invocations=782 (full 3):
 PSYoungGen      total 5632K, used 832K [0x00000000d5580000, 0x00000000d5c80000, 0x0000000100000000)
  eden space 4608K, 0% used [0x00000000d5580000,0x00000000d5580000,0x00000000d5a00000)
  from space 1024K, 81% used [0x00000000d5b00000,0x00000000d5bd0020,0x00000000d5c00000)
  to   space 512K, 0% used [0x00000000d5c00000,0x00000000d5c00000,0x00000000d5c80000)
 ParOldGen       total 628224K, used 628077K [0x0000000080000000, 0x00000000a6580000, 0x00000000d5580000)
  object space 628224K, 99% used [0x0000000080000000,0x00000000a655b410,0x00000000a6580000)
 Metaspace       used 65375K, committed 66944K, reserved 1114112K
  class space    used 6851K, committed 7616K, reserved 1048576K
}
Event: 14.026 GC heap before
{Heap before GC invocations=783 (full 3):
 PSYoungGen      total 5632K, used 5440K [0x00000000d5580000, 0x00000000d5c80000, 0x0000000100000000)
  eden space 4608K, 100% used [0x00000000d5580000,0x00000000d5a00000,0x00000000d5a00000)
  from space 1024K, 81% used [0x00000000d5b00000,0x00000000d5bd0020,0x00000000d5c00000)
  to   space 512K, 0% used [0x00000000d5c00000,0x00000000d5c00000,0x00000000d5c80000)
 ParOldGen       total 628224K, used 628077K [0x0000000080000000, 0x00000000a6580000, 0x00000000d5580000)
  object space 628224K, 99% used [0x0000000080000000,0x00000000a655b410,0x00000000a6580000)
 Metaspace       used 65380K, committed 66944K, reserved 1114112K
  class space    used 6851K, committed 7616K, reserved 1048576K
}
Event: 14.028 GC heap after
{Heap after GC invocations=783 (full 3):
 PSYoungGen      total 5120K, used 512K [0x00000000d5580000, 0x00000000d5d00000, 0x0000000100000000)
  eden space 4608K, 0% used [0x00000000d5580000,0x00000000d5580000,0x00000000d5a00000)
  from space 512K, 100% used [0x00000000d5c00000,0x00000000d5c80000,0x00000000d5c80000)
  to   space 1536K, 0% used [0x00000000d5a00000,0x00000000d5a00000,0x00000000d5b80000)
 ParOldGen       total 629248K, used 628757K [0x0000000080000000, 0x00000000a6680000, 0x00000000d5580000)
  object space 629248K, 99% used [0x0000000080000000,0x00000000a6605410,0x00000000a6680000)
 Metaspace       used 65380K, committed 66944K, reserved 1114112K
  class space    used 6851K, committed 7616K, reserved 1048576K
}
Event: 14.041 GC heap before
{Heap before GC invocations=784 (full 3):
 PSYoungGen      total 5120K, used 5120K [0x00000000d5580000, 0x00000000d5d00000, 0x0000000100000000)
  eden space 4608K, 100% used [0x00000000d5580000,0x00000000d5a00000,0x00000000d5a00000)
  from space 512K, 100% used [0x00000000d5c00000,0x00000000d5c80000,0x00000000d5c80000)
  to   space 1536K, 0% used [0x00000000d5a00000,0x00000000d5a00000,0x00000000d5b80000)
 ParOldGen       total 629248K, used 628757K [0x0000000080000000, 0x00000000a6680000, 0x00000000d5580000)
  object space 629248K, 99% used [0x0000000080000000,0x00000000a6605410,0x00000000a6680000)
 Metaspace       used 65403K, committed 66944K, reserved 1114112K
  class space    used 6851K, committed 7616K, reserved 1048576K
}
Event: 14.043 GC heap after
{Heap after GC invocations=784 (full 3):
 PSYoungGen      total 6144K, used 1505K [0x00000000d5580000, 0x00000000d5f00000, 0x0000000100000000)
  eden space 4608K, 0% used [0x00000000d5580000,0x00000000d5580000,0x00000000d5a00000)
  from space 1536K, 97% used [0x00000000d5a00000,0x00000000d5b78400,0x00000000d5b80000)
  to   space 2560K, 0% used [0x00000000d5c80000,0x00000000d5c80000,0x00000000d5f00000)
 ParOldGen       total 629248K, used 629245K [0x0000000080000000, 0x00000000a6680000, 0x00000000d5580000)
  object space 629248K, 99% used [0x0000000080000000,0x00000000a667f410,0x00000000a6680000)
 Metaspace       used 65403K, committed 66944K, reserved 1114112K
  class space    used 6851K, committed 7616K, reserved 1048576K
}
Event: 14.084 GC heap before
{Heap before GC invocations=785 (full 3):
 PSYoungGen      total 6144K, used 6113K [0x00000000d5580000, 0x00000000d5f00000, 0x0000000100000000)
  eden space 4608K, 100% used [0x00000000d5580000,0x00000000d5a00000,0x00000000d5a00000)
  from space 1536K, 97% used [0x00000000d5a00000,0x00000000d5b78400,0x00000000d5b80000)
  to   space 2560K, 0% used [0x00000000d5c80000,0x00000000d5c80000,0x00000000d5f00000)
 ParOldGen       total 629248K, used 629245K [0x0000000080000000, 0x00000000a6680000, 0x00000000d5580000)
  object space 629248K, 99% used [0x0000000080000000,0x00000000a667f410,0x00000000a6680000)
 Metaspace       used 65481K, committed 67008K, reserved 1114112K
  class space    used 6854K, committed 7616K, reserved 1048576K
}
Event: 14.087 GC heap after
{Heap after GC invocations=785 (full 3):
 PSYoungGen      total 5632K, used 672K [0x00000000d5580000, 0x00000000d5d80000, 0x0000000100000000)
  eden space 4608K, 0% used [0x00000000d5580000,0x00000000d5580000,0x00000000d5a00000)
  from space 1024K, 65% used [0x00000000d5c80000,0x00000000d5d28000,0x00000000d5d80000)
  to   space 1536K, 0% used [0x00000000d5a80000,0x00000000d5a80000,0x00000000d5c00000)
 ParOldGen       total 629760K, used 629517K [0x0000000080000000, 0x00000000a6700000, 0x00000000d5580000)
  object space 629760K, 99% used [0x0000000080000000,0x00000000a66c3410,0x00000000a6700000)
 Metaspace       used 65481K, committed 67008K, reserved 1114112K
  class space    used 6854K, committed 7616K, reserved 1048576K
}
Event: 14.118 GC heap before
{Heap before GC invocations=786 (full 3):
 PSYoungGen      total 5632K, used 5280K [0x00000000d5580000, 0x00000000d5d80000, 0x0000000100000000)
  eden space 4608K, 100% used [0x00000000d5580000,0x00000000d5a00000,0x00000000d5a00000)
  from space 1024K, 65% used [0x00000000d5c80000,0x00000000d5d28000,0x00000000d5d80000)
  to   space 1536K, 0% used [0x00000000d5a80000,0x00000000d5a80000,0x00000000d5c00000)
 ParOldGen       total 629760K, used 629517K [0x0000000080000000, 0x00000000a6700000, 0x00000000d5580000)
  object space 629760K, 99% used [0x0000000080000000,0x00000000a66c3410,0x00000000a6700000)
 Metaspace       used 65596K, committed 67136K, reserved 1114112K
  class space    used 6862K, committed 7616K, reserved 1048576K
}
Event: 14.120 GC heap after
{Heap after GC invocations=786 (full 3):
 PSYoungGen      total 6144K, used 1433K [0x00000000d5580000, 0x00000000d5e00000, 0x0000000100000000)
  eden space 4608K, 0% used [0x00000000d5580000,0x00000000d5580000,0x00000000d5a00000)
  from space 1536K, 93% used [0x00000000d5a80000,0x00000000d5be6468,0x00000000d5c00000)
  to   space 2048K, 0% used [0x00000000d5c00000,0x00000000d5c00000,0x00000000d5e00000)
 ParOldGen       total 630272K, used 630026K [0x0000000080000000, 0x00000000a6780000, 0x00000000d5580000)
  object space 630272K, 99% used [0x0000000080000000,0x00000000a6742ba8,0x00000000a6780000)
 Metaspace       used 65596K, committed 67136K, reserved 1114112K
  class space    used 6862K, committed 7616K, reserved 1048576K
}
Event: 14.134 GC heap before
{Heap before GC invocations=787 (full 3):
 PSYoungGen      total 6144K, used 6041K [0x00000000d5580000, 0x00000000d5e00000, 0x0000000100000000)
  eden space 4608K, 100% used [0x00000000d5580000,0x00000000d5a00000,0x00000000d5a00000)
  from space 1536K, 93% used [0x00000000d5a80000,0x00000000d5be6468,0x00000000d5c00000)
  to   space 2048K, 0% used [0x00000000d5c00000,0x00000000d5c00000,0x00000000d5e00000)
 ParOldGen       total 630272K, used 630026K [0x0000000080000000, 0x00000000a6780000, 0x00000000d5580000)
  object space 630272K, 99% used [0x0000000080000000,0x00000000a6742ba8,0x00000000a6780000)
 Metaspace       used 65609K, committed 67136K, reserved 1114112K
  class space    used 6862K, committed 7616K, reserved 1048576K
}
Event: 14.136 GC heap after
{Heap after GC invocations=787 (full 3):
 PSYoungGen      total 6144K, used 1440K [0x00000000d5580000, 0x00000000d5d80000, 0x0000000100000000)
  eden space 4608K, 0% used [0x00000000d5580000,0x00000000d5580000,0x00000000d5a00000)
  from space 1536K, 93% used [0x00000000d5c00000,0x00000000d5d68000,0x00000000d5d80000)
  to   space 1536K, 0% used [0x00000000d5a80000,0x00000000d5a80000,0x00000000d5c00000)
 ParOldGen       total 631808K, used 631465K [0x0000000080000000, 0x00000000a6900000, 0x00000000d5580000)
  object space 631808K, 99% used [0x0000000080000000,0x00000000a68aa500,0x00000000a6900000)
 Metaspace       used 65609K, committed 67136K, reserved 1114112K
  class space    used 6862K, committed 7616K, reserved 1048576K
}
Event: 14.144 GC heap before
{Heap before GC invocations=788 (full 3):
 PSYoungGen      total 6144K, used 5411K [0x00000000d5580000, 0x00000000d5d80000, 0x0000000100000000)
  eden space 4608K, 86% used [0x00000000d5580000,0x00000000d5960fd0,0x00000000d5a00000)
  from space 1536K, 93% used [0x00000000d5c00000,0x00000000d5d68000,0x00000000d5d80000)
  to   space 1536K, 0% used [0x00000000d5a80000,0x00000000d5a80000,0x00000000d5c00000)
 ParOldGen       total 631808K, used 631465K [0x0000000080000000, 0x00000000a6900000, 0x00000000d5580000)
  object space 631808K, 99% used [0x0000000080000000,0x00000000a68aa500,0x00000000a6900000)
 Metaspace       used 65612K, committed 67136K, reserved 1114112K
  class space    used 6862K, committed 7616K, reserved 1048576K
}

