# JRE version: OpenJDK Runtime Environment Temurin-21.0.8+9 (21.0.8+9) (build 21.0.8+9-LTS)
# Java VM: OpenJDK 64-Bit Server VM Temurin-21.0.8+9 (21.0.8+9-LTS, mixed mode, sharing, tiered, compressed oops, compressed class ptrs, parallel gc, windows-amd64)
GC Precious Log:
 CardTable entry size: 512
 CPUs: 12 total, 12 available
 Memory: 7895M
 Large Page Support: Disabled
 NUMA Support: Disabled
 Compressed Oops: Enabled (32-bit)
 Alignments: Space 512K, Generation 512K, Heap 2M
 Heap Min Capacity: 100M
 Heap Initial Capacity: 100M
 Heap Max Capacity: 2G
 Pre-touch: Disabled
 Parallel Workers: 10
Heap:
 PSYoungGen      total 7168K, used 6895K [0x00000000d5580000, 0x00000000d5e00000, 0x0000000100000000)
  eden space 6656K, 96% used [0x00000000d5580000,0x00000000d5bbfd40,0x00000000d5c00000)
  from space 512K, 96% used [0x00000000d5c80000,0x00000000d5cfc010,0x00000000d5d00000)
  to   space 1024K, 0% used [0x00000000d5d00000,0x00000000d5d00000,0x00000000d5e00000)
 ParOldGen       total 110592K, used 110449K [0x0000000080000000, 0x0000000086c00000, 0x00000000d5580000)
  object space 110592K, 99% used [0x0000000080000000,0x0000000086bdc5b0,0x0000000086c00000)
 Metaspace       used 61847K, committed 63360K, reserved 1114112K
  class space    used 6567K, committed 7296K, reserved 1048576K
GC Heap History (20 events):
Event: 10.709 GC heap after
{Heap after GC invocations=244 (full 3):
 PSYoungGen      total 7680K, used 352K [0x00000000d5580000, 0x00000000d5f00000, 0x0000000100000000)
  eden space 6656K, 0% used [0x00000000d5580000,0x00000000d5580000,0x00000000d5c00000)
  from space 1024K, 34% used [0x00000000d5d00000,0x00000000d5d58000,0x00000000d5e00000)
  to   space 512K, 0% used [0x00000000d5e80000,0x00000000d5e80000,0x00000000d5f00000)
 ParOldGen       total 110592K, used 105461K [0x0000000080000000, 0x0000000086c00000, 0x00000000d5580000)
  object space 110592K, 95% used [0x0000000080000000,0x00000000866fd5d0,0x0000000086c00000)
 Metaspace       used 61765K, committed 63232K, reserved 1114112K
  class space    used 6563K, committed 7296K, reserved 1048576K
}
Event: 10.719 GC heap before
{Heap before GC invocations=245 (full 3):
 PSYoungGen      total 7680K, used 6999K [0x00000000d5580000, 0x00000000d5f00000, 0x0000000100000000)
  eden space 6656K, 99% used [0x00000000d5580000,0x00000000d5bfdda8,0x00000000d5c00000)
  from space 1024K, 34% used [0x00000000d5d00000,0x00000000d5d58000,0x00000000d5e00000)
  to   space 512K, 0% used [0x00000000d5e80000,0x00000000d5e80000,0x00000000d5f00000)
 ParOldGen       total 110592K, used 105461K [0x0000000080000000, 0x0000000086c00000, 0x00000000d5580000)
  object space 110592K, 95% used [0x0000000080000000,0x00000000866fd5d0,0x0000000086c00000)
 Metaspace       used 61765K, committed 63232K, reserved 1114112K
  class space    used 6563K, committed 7296K, reserved 1048576K
}
Event: 10.720 GC heap after
{Heap after GC invocations=245 (full 3):
 PSYoungGen      total 7168K, used 160K [0x00000000d5580000, 0x00000000d5f00000, 0x0000000100000000)
  eden space 6656K, 0% used [0x00000000d5580000,0x00000000d5580000,0x00000000d5c00000)
  from space 512K, 31% used [0x00000000d5e80000,0x00000000d5ea8000,0x00000000d5f00000)
  to   space 512K, 0% used [0x00000000d5e00000,0x00000000d5e00000,0x00000000d5e80000)
 ParOldGen       total 110592K, used 105681K [0x0000000080000000, 0x0000000086c00000, 0x00000000d5580000)
  object space 110592K, 95% used [0x0000000080000000,0x00000000867345e0,0x0000000086c00000)
 Metaspace       used 61765K, committed 63232K, reserved 1114112K
  class space    used 6563K, committed 7296K, reserved 1048576K
}
Event: 10.865 GC heap before
{Heap before GC invocations=246 (full 3):
 PSYoungGen      total 7168K, used 6816K [0x00000000d5580000, 0x00000000d5f00000, 0x0000000100000000)
  eden space 6656K, 100% used [0x00000000d5580000,0x00000000d5c00000,0x00000000d5c00000)
  from space 512K, 31% used [0x00000000d5e80000,0x00000000d5ea8000,0x00000000d5f00000)
  to   space 512K, 0% used [0x00000000d5e00000,0x00000000d5e00000,0x00000000d5e80000)
 ParOldGen       total 110592K, used 105681K [0x0000000080000000, 0x0000000086c00000, 0x00000000d5580000)
  object space 110592K, 95% used [0x0000000080000000,0x00000000867345e0,0x0000000086c00000)
 Metaspace       used 61766K, committed 63232K, reserved 1114112K
  class space    used 6563K, committed 7296K, reserved 1048576K
}
Event: 10.866 GC heap after
{Heap after GC invocations=246 (full 3):
 PSYoungGen      total 7168K, used 288K [0x00000000d5580000, 0x00000000d5f00000, 0x0000000100000000)
  eden space 6656K, 0% used [0x00000000d5580000,0x00000000d5580000,0x00000000d5c00000)
  from space 512K, 56% used [0x00000000d5e00000,0x00000000d5e48000,0x00000000d5e80000)
  to   space 512K, 0% used [0x00000000d5e80000,0x00000000d5e80000,0x00000000d5f00000)
 ParOldGen       total 110592K, used 105705K [0x0000000080000000, 0x0000000086c00000, 0x00000000d5580000)
  object space 110592K, 95% used [0x0000000080000000,0x000000008673a5e0,0x0000000086c00000)
 Metaspace       used 61766K, committed 63232K, reserved 1114112K
  class space    used 6563K, committed 7296K, reserved 1048576K
}
Event: 10.964 GC heap before
{Heap before GC invocations=247 (full 3):
 PSYoungGen      total 7168K, used 6944K [0x00000000d5580000, 0x00000000d5f00000, 0x0000000100000000)
  eden space 6656K, 100% used [0x00000000d5580000,0x00000000d5c00000,0x00000000d5c00000)
  from space 512K, 56% used [0x00000000d5e00000,0x00000000d5e48000,0x00000000d5e80000)
  to   space 512K, 0% used [0x00000000d5e80000,0x00000000d5e80000,0x00000000d5f00000)
 ParOldGen       total 110592K, used 105705K [0x0000000080000000, 0x0000000086c00000, 0x00000000d5580000)
  object space 110592K, 95% used [0x0000000080000000,0x000000008673a5e0,0x0000000086c00000)
 Metaspace       used 61826K, committed 63360K, reserved 1114112K
  class space    used 6566K, committed 7296K, reserved 1048576K
}
Event: 10.965 GC heap after
{Heap after GC invocations=247 (full 3):
 PSYoungGen      total 7168K, used 512K [0x00000000d5580000, 0x00000000d5f00000, 0x0000000100000000)
  eden space 6656K, 0% used [0x00000000d5580000,0x00000000d5580000,0x00000000d5c00000)
  from space 512K, 100% used [0x00000000d5e80000,0x00000000d5f00000,0x00000000d5f00000)
  to   space 1536K, 0% used [0x00000000d5c00000,0x00000000d5c00000,0x00000000d5d80000)
 ParOldGen       total 110592K, used 106301K [0x0000000080000000, 0x0000000086c00000, 0x00000000d5580000)
  object space 110592K, 96% used [0x0000000080000000,0x00000000867cf5f0,0x0000000086c00000)
 Metaspace       used 61826K, committed 63360K, reserved 1114112K
  class space    used 6566K, committed 7296K, reserved 1048576K
}
Event: 11.001 GC heap before
{Heap before GC invocations=248 (full 3):
 PSYoungGen      total 7168K, used 7168K [0x00000000d5580000, 0x00000000d5f00000, 0x0000000100000000)
  eden space 6656K, 100% used [0x00000000d5580000,0x00000000d5c00000,0x00000000d5c00000)
  from space 512K, 100% used [0x00000000d5e80000,0x00000000d5f00000,0x00000000d5f00000)
  to   space 1536K, 0% used [0x00000000d5c00000,0x00000000d5c00000,0x00000000d5d80000)
 ParOldGen       total 110592K, used 106301K [0x0000000080000000, 0x0000000086c00000, 0x00000000d5580000)
  object space 110592K, 96% used [0x0000000080000000,0x00000000867cf5f0,0x0000000086c00000)
 Metaspace       used 61828K, committed 63360K, reserved 1114112K
  class space    used 6566K, committed 7296K, reserved 1048576K
}
Event: 11.002 GC heap after
{Heap after GC invocations=248 (full 3):
 PSYoungGen      total 8192K, used 768K [0x00000000d5580000, 0x00000000d5f00000, 0x0000000100000000)
  eden space 6656K, 0% used [0x00000000d5580000,0x00000000d5580000,0x00000000d5c00000)
  from space 1536K, 50% used [0x00000000d5c00000,0x00000000d5cc0000,0x00000000d5d80000)
  to   space 1024K, 0% used [0x00000000d5e00000,0x00000000d5e00000,0x00000000d5f00000)
 ParOldGen       total 110592K, used 106770K [0x0000000080000000, 0x0000000086c00000, 0x00000000d5580000)
  object space 110592K, 96% used [0x0000000080000000,0x0000000086844890,0x0000000086c00000)
 Metaspace       used 61828K, committed 63360K, reserved 1114112K
  class space    used 6566K, committed 7296K, reserved 1048576K
}
Event: 11.123 GC heap before
{Heap before GC invocations=249 (full 3):
 PSYoungGen      total 8192K, used 7423K [0x00000000d5580000, 0x00000000d5f00000, 0x0000000100000000)
  eden space 6656K, 99% used [0x00000000d5580000,0x00000000d5bfffa8,0x00000000d5c00000)
  from space 1536K, 50% used [0x00000000d5c00000,0x00000000d5cc0000,0x00000000d5d80000)
  to   space 1024K, 0% used [0x00000000d5e00000,0x00000000d5e00000,0x00000000d5f00000)
 ParOldGen       total 110592K, used 106770K [0x0000000080000000, 0x0000000086c00000, 0x00000000d5580000)
  object space 110592K, 96% used [0x0000000080000000,0x0000000086844890,0x0000000086c00000)
 Metaspace       used 61830K, committed 63360K, reserved 1114112K
  class space    used 6566K, committed 7296K, reserved 1048576K
}
Event: 11.124 GC heap after
{Heap after GC invocations=249 (full 3):
 PSYoungGen      total 7680K, used 864K [0x00000000d5580000, 0x00000000d5f00000, 0x0000000100000000)
  eden space 6656K, 0% used [0x00000000d5580000,0x00000000d5580000,0x00000000d5c00000)
  from space 1024K, 84% used [0x00000000d5e00000,0x00000000d5ed8000,0x00000000d5f00000)
  to   space 1024K, 0% used [0x00000000d5d00000,0x00000000d5d00000,0x00000000d5e00000)
 ParOldGen       total 110592K, used 107394K [0x0000000080000000, 0x0000000086c00000, 0x00000000d5580000)
  object space 110592K, 97% used [0x0000000080000000,0x00000000868e0890,0x0000000086c00000)
 Metaspace       used 61830K, committed 63360K, reserved 1114112K
  class space    used 6566K, committed 7296K, reserved 1048576K
}
Event: 11.201 GC heap before
{Heap before GC invocations=250 (full 3):
 PSYoungGen      total 7680K, used 7520K [0x00000000d5580000, 0x00000000d5f00000, 0x0000000100000000)
  eden space 6656K, 100% used [0x00000000d5580000,0x00000000d5c00000,0x00000000d5c00000)
  from space 1024K, 84% used [0x00000000d5e00000,0x00000000d5ed8000,0x00000000d5f00000)
  to   space 1024K, 0% used [0x00000000d5d00000,0x00000000d5d00000,0x00000000d5e00000)
 ParOldGen       total 110592K, used 107394K [0x0000000080000000, 0x0000000086c00000, 0x00000000d5580000)
  object space 110592K, 97% used [0x0000000080000000,0x00000000868e0890,0x0000000086c00000)
 Metaspace       used 61830K, committed 63360K, reserved 1114112K
  class space    used 6566K, committed 7296K, reserved 1048576K
}
Event: 11.202 GC heap after
{Heap after GC invocations=250 (full 3):
 PSYoungGen      total 7680K, used 1024K [0x00000000d5580000, 0x00000000d6000000, 0x0000000100000000)
  eden space 6656K, 0% used [0x00000000d5580000,0x00000000d5580000,0x00000000d5c00000)
  from space 1024K, 100% used [0x00000000d5d00000,0x00000000d5e00000,0x00000000d5e00000)
  to   space 2048K, 0% used [0x00000000d5e00000,0x00000000d5e00000,0x00000000d6000000)
 ParOldGen       total 110592K, used 108210K [0x0000000080000000, 0x0000000086c00000, 0x00000000d5580000)
  object space 110592K, 97% used [0x0000000080000000,0x00000000869ac890,0x0000000086c00000)
 Metaspace       used 61830K, committed 63360K, reserved 1114112K
  class space    used 6566K, committed 7296K, reserved 1048576K
}
Event: 12.195 GC heap before
{Heap before GC invocations=251 (full 3):
 PSYoungGen      total 7680K, used 7680K [0x00000000d5580000, 0x00000000d6000000, 0x0000000100000000)
  eden space 6656K, 100% used [0x00000000d5580000,0x00000000d5c00000,0x00000000d5c00000)
  from space 1024K, 100% used [0x00000000d5d00000,0x00000000d5e00000,0x00000000d5e00000)
  to   space 2048K, 0% used [0x00000000d5e00000,0x00000000d5e00000,0x00000000d6000000)
 ParOldGen       total 110592K, used 108210K [0x0000000080000000, 0x0000000086c00000, 0x00000000d5580000)
  object space 110592K, 97% used [0x0000000080000000,0x00000000869ac890,0x0000000086c00000)
 Metaspace       used 61838K, committed 63360K, reserved 1114112K
  class space    used 6566K, committed 7296K, reserved 1048576K
}
Event: 12.209 GC heap after
{Heap after GC invocations=251 (full 3):
 PSYoungGen      total 7680K, used 560K [0x00000000d5580000, 0x00000000d5f00000, 0x0000000100000000)
  eden space 6656K, 0% used [0x00000000d5580000,0x00000000d5580000,0x00000000d5c00000)
  from space 1024K, 54% used [0x00000000d5e00000,0x00000000d5e8c010,0x00000000d5f00000)
  to   space 1536K, 0% used [0x00000000d5c00000,0x00000000d5c00000,0x00000000d5d80000)
 ParOldGen       total 110592K, used 109161K [0x0000000080000000, 0x0000000086c00000, 0x00000000d5580000)
  object space 110592K, 98% used [0x0000000080000000,0x0000000086a9a590,0x0000000086c00000)
 Metaspace       used 61838K, committed 63360K, reserved 1114112K
  class space    used 6566K, committed 7296K, reserved 1048576K
}
Event: 12.271 GC heap before
{Heap before GC invocations=252 (full 3):
 PSYoungGen      total 7680K, used 7216K [0x00000000d5580000, 0x00000000d5f00000, 0x0000000100000000)
  eden space 6656K, 100% used [0x00000000d5580000,0x00000000d5c00000,0x00000000d5c00000)
  from space 1024K, 54% used [0x00000000d5e00000,0x00000000d5e8c010,0x00000000d5f00000)
  to   space 1536K, 0% used [0x00000000d5c00000,0x00000000d5c00000,0x00000000d5d80000)
 ParOldGen       total 110592K, used 109161K [0x0000000080000000, 0x0000000086c00000, 0x00000000d5580000)
  object space 110592K, 98% used [0x0000000080000000,0x0000000086a9a590,0x0000000086c00000)
 Metaspace       used 61838K, committed 63360K, reserved 1114112K
  class space    used 6566K, committed 7296K, reserved 1048576K
}
Event: 12.272 GC heap after
{Heap after GC invocations=252 (full 3):
 PSYoungGen      total 8192K, used 480K [0x00000000d5580000, 0x00000000d5e80000, 0x0000000100000000)
  eden space 6656K, 0% used [0x00000000d5580000,0x00000000d5580000,0x00000000d5c00000)
  from space 1536K, 31% used [0x00000000d5c00000,0x00000000d5c78000,0x00000000d5d80000)
  to   space 1024K, 0% used [0x00000000d5d80000,0x00000000d5d80000,0x00000000d5e80000)
 ParOldGen       total 110592K, used 109489K [0x0000000080000000, 0x0000000086c00000, 0x00000000d5580000)
  object space 110592K, 99% used [0x0000000080000000,0x0000000086aec590,0x0000000086c00000)
 Metaspace       used 61838K, committed 63360K, reserved 1114112K
  class space    used 6566K, committed 7296K, reserved 1048576K
}
Event: 12.303 GC heap before
{Heap before GC invocations=253 (full 3):
 PSYoungGen      total 8192K, used 7136K [0x00000000d5580000, 0x00000000d5e80000, 0x0000000100000000)
  eden space 6656K, 100% used [0x00000000d5580000,0x00000000d5c00000,0x00000000d5c00000)
  from space 1536K, 31% used [0x00000000d5c00000,0x00000000d5c78000,0x00000000d5d80000)
  to   space 1024K, 0% used [0x00000000d5d80000,0x00000000d5d80000,0x00000000d5e80000)
 ParOldGen       total 110592K, used 109489K [0x0000000080000000, 0x0000000086c00000, 0x00000000d5580000)
  object space 110592K, 99% used [0x0000000080000000,0x0000000086aec590,0x0000000086c00000)
 Metaspace       used 61841K, committed 63360K, reserved 1114112K
  class space    used 6566K, committed 7296K, reserved 1048576K
}
Event: 12.305 GC heap after
{Heap after GC invocations=253 (full 3):
 PSYoungGen      total 7680K, used 832K [0x00000000d5580000, 0x00000000d5e80000, 0x0000000100000000)
  eden space 6656K, 0% used [0x00000000d5580000,0x00000000d5580000,0x00000000d5c00000)
  from space 1024K, 81% used [0x00000000d5d80000,0x00000000d5e50000,0x00000000d5e80000)
  to   space 1024K, 0% used [0x00000000d5c80000,0x00000000d5c80000,0x00000000d5d80000)
 ParOldGen       total 110592K, used 109801K [0x0000000080000000, 0x0000000086c00000, 0x00000000d5580000)
  object space 110592K, 99% used [0x0000000080000000,0x0000000086b3a590,0x0000000086c00000)
 Metaspace       used 61841K, committed 63360K, reserved 1114112K
  class space    used 6566K, committed 7296K, reserved 1048576K
}
Event: 12.330 GC heap before
{Heap before GC invocations=254 (full 3):
 PSYoungGen      total 7680K, used 7488K [0x00000000d5580000, 0x00000000d5e80000, 0x0000000100000000)
  eden space 6656K, 100% used [0x00000000d5580000,0x00000000d5c00000,0x00000000d5c00000)
  from space 1024K, 81% used [0x00000000d5d80000,0x00000000d5e50000,0x00000000d5e80000)
  to   space 1024K, 0% used [0x00000000d5c80000,0x00000000d5c80000,0x00000000d5d80000)
 ParOldGen       total 110592K, used 109801K [0x0000000080000000, 0x0000000086c00000, 0x00000000d5580000)
  object space 110592K, 99% used [0x0000000080000000,0x0000000086b3a590,0x0000000086c00000)
 Metaspace       used 61841K, committed 63360K, reserved 1114112K
  class space    used 6566K, committed 7296K, reserved 1048576K
}

