# JRE version: OpenJDK Runtime Environment Temurin-21.0.8+9 (21.0.8+9) (build 21.0.8+9-LTS)
# Java VM: OpenJDK 64-Bit Server VM Temurin-21.0.8+9 (21.0.8+9-LTS, mixed mode, sharing, tiered, compressed oops, compressed class ptrs, parallel gc, windows-amd64)
GC Precious Log:
 CardTable entry size: 512
 CPUs: 12 total, 12 available
 Memory: 7895M
 Large Page Support: Disabled
 NUMA Support: Disabled
 Compressed Oops: Enabled (32-bit)
 Alignments: Space 512K, Generation 512K, Heap 2M
 Heap Min Capacity: 100M
 Heap Initial Capacity: 100M
 Heap Max Capacity: 2G
 Pre-touch: Disabled
 Parallel Workers: 10
Heap:
 PSYoungGen      total 5632K, used 1909K [0x00000000d5580000, 0x00000000d5d00000, 0x0000000100000000)
  eden space 4608K, 23% used [0x00000000d5580000,0x00000000d56919b8,0x00000000d5a00000)
  from space 1024K, 79% used [0x00000000d5b00000,0x00000000d5bcbb00,0x00000000d5c00000)
  to   space 1024K, 0% used [0x00000000d5c00000,0x00000000d5c00000,0x00000000d5d00000)
 ParOldGen       total 495616K, used 495208K [0x0000000080000000, 0x000000009e400000, 0x00000000d5580000)
  object space 495616K, 99% used [0x0000000080000000,0x000000009e39a2a0,0x000000009e400000)
 Metaspace       used 79007K, committed 80768K, reserved 1179648K
  class space    used 8267K, committed 9088K, reserved 1048576K
GC Heap History (20 events):
Event: 282.555 GC heap before
{Heap before GC invocations=759 (full 3):
 PSYoungGen      total 6656K, used 6588K [0x00000000d5580000, 0x00000000d6600000, 0x0000000100000000)
  eden space 4608K, 99% used [0x00000000d5580000,0x00000000d59f5478,0x00000000d5a00000)
  from space 2048K, 98% used [0x00000000d5a00000,0x00000000d5bf9bf8,0x00000000d5c00000)
  to   space 6144K, 0% used [0x00000000d6000000,0x00000000d6000000,0x00000000d6600000)
 ParOldGen       total 486400K, used 486328K [0x0000000080000000, 0x000000009db00000, 0x00000000d5580000)
  object space 486400K, 99% used [0x0000000080000000,0x000000009daee3c8,0x000000009db00000)
 Metaspace       used 75379K, committed 77120K, reserved 1179648K
  class space    used 7959K, committed 8768K, reserved 1048576K
}
Event: 282.560 GC heap after
{Heap after GC invocations=759 (full 3):
 PSYoungGen      total 8192K, used 3395K [0x00000000d5580000, 0x00000000d6380000, 0x0000000100000000)
  eden space 4608K, 0% used [0x00000000d5580000,0x00000000d5580000,0x00000000d5a00000)
  from space 3584K, 94% used [0x00000000d6000000,0x00000000d6350de0,0x00000000d6380000)
  to   space 4096K, 0% used [0x00000000d5b80000,0x00000000d5b80000,0x00000000d5f80000)
 ParOldGen       total 488448K, used 488386K [0x0000000080000000, 0x000000009dd00000, 0x00000000d5580000)
  object space 488448K, 99% used [0x0000000080000000,0x000000009dcf0b68,0x000000009dd00000)
 Metaspace       used 75379K, committed 77120K, reserved 1179648K
  class space    used 7959K, committed 8768K, reserved 1048576K
}
Event: 282.602 GC heap before
{Heap before GC invocations=760 (full 3):
 PSYoungGen      total 8192K, used 8003K [0x00000000d5580000, 0x00000000d6380000, 0x0000000100000000)
  eden space 4608K, 100% used [0x00000000d5580000,0x00000000d5a00000,0x00000000d5a00000)
  from space 3584K, 94% used [0x00000000d6000000,0x00000000d6350de0,0x00000000d6380000)
  to   space 4096K, 0% used [0x00000000d5b80000,0x00000000d5b80000,0x00000000d5f80000)
 ParOldGen       total 488448K, used 488386K [0x0000000080000000, 0x000000009dd00000, 0x00000000d5580000)
  object space 488448K, 99% used [0x0000000080000000,0x000000009dcf0b68,0x000000009dd00000)
 Metaspace       used 76009K, committed 77760K, reserved 1179648K
  class space    used 8018K, committed 8832K, reserved 1048576K
}
Event: 282.607 GC heap after
{Heap after GC invocations=760 (full 3):
 PSYoungGen      total 5120K, used 411K [0x00000000d5580000, 0x00000000d6080000, 0x0000000100000000)
  eden space 4608K, 0% used [0x00000000d5580000,0x00000000d5580000,0x00000000d5a00000)
  from space 512K, 80% used [0x00000000d5b80000,0x00000000d5be6f98,0x00000000d5c00000)
  to   space 2048K, 0% used [0x00000000d5e80000,0x00000000d5e80000,0x00000000d6080000)
 ParOldGen       total 492032K, used 491609K [0x0000000080000000, 0x000000009e080000, 0x00000000d5580000)
  object space 492032K, 99% used [0x0000000080000000,0x000000009e016658,0x000000009e080000)
 Metaspace       used 76009K, committed 77760K, reserved 1179648K
  class space    used 8018K, committed 8832K, reserved 1048576K
}
Event: 282.645 GC heap before
{Heap before GC invocations=761 (full 3):
 PSYoungGen      total 5120K, used 4989K [0x00000000d5580000, 0x00000000d6080000, 0x0000000100000000)
  eden space 4608K, 99% used [0x00000000d5580000,0x00000000d59f8640,0x00000000d5a00000)
  from space 512K, 80% used [0x00000000d5b80000,0x00000000d5be6f98,0x00000000d5c00000)
  to   space 2048K, 0% used [0x00000000d5e80000,0x00000000d5e80000,0x00000000d6080000)
 ParOldGen       total 492032K, used 491609K [0x0000000080000000, 0x000000009e080000, 0x00000000d5580000)
  object space 492032K, 99% used [0x0000000080000000,0x000000009e016658,0x000000009e080000)
 Metaspace       used 76192K, committed 77952K, reserved 1179648K
  class space    used 8033K, committed 8832K, reserved 1048576K
}
Event: 282.647 GC heap after
{Heap after GC invocations=761 (full 3):
 PSYoungGen      total 6144K, used 1224K [0x00000000d5580000, 0x00000000d6000000, 0x0000000100000000)
  eden space 4608K, 0% used [0x00000000d5580000,0x00000000d5580000,0x00000000d5a00000)
  from space 1536K, 79% used [0x00000000d5e80000,0x00000000d5fb22f0,0x00000000d6000000)
  to   space 1536K, 0% used [0x00000000d5d00000,0x00000000d5d00000,0x00000000d5e80000)
 ParOldGen       total 492032K, used 491777K [0x0000000080000000, 0x000000009e080000, 0x00000000d5580000)
  object space 492032K, 99% used [0x0000000080000000,0x000000009e040658,0x000000009e080000)
 Metaspace       used 76192K, committed 77952K, reserved 1179648K
  class space    used 8033K, committed 8832K, reserved 1048576K
}
Event: 282.665 GC heap before
{Heap before GC invocations=762 (full 3):
 PSYoungGen      total 6144K, used 5817K [0x00000000d5580000, 0x00000000d6000000, 0x0000000100000000)
  eden space 4608K, 99% used [0x00000000d5580000,0x00000000d59fc438,0x00000000d5a00000)
  from space 1536K, 79% used [0x00000000d5e80000,0x00000000d5fb22f0,0x00000000d6000000)
  to   space 1536K, 0% used [0x00000000d5d00000,0x00000000d5d00000,0x00000000d5e80000)
 ParOldGen       total 492032K, used 491819K [0x0000000080000000, 0x000000009e080000, 0x00000000d5580000)
  object space 492032K, 99% used [0x0000000080000000,0x000000009e04ace0,0x000000009e080000)
 Metaspace       used 76548K, committed 78272K, reserved 1179648K
  class space    used 8053K, committed 8832K, reserved 1048576K
}
Event: 282.669 GC heap after
{Heap after GC invocations=762 (full 3):
 PSYoungGen      total 5120K, used 375K [0x00000000d5580000, 0x00000000d5f00000, 0x0000000100000000)
  eden space 4608K, 0% used [0x00000000d5580000,0x00000000d5580000,0x00000000d5a00000)
  from space 512K, 73% used [0x00000000d5d00000,0x00000000d5d5dcb0,0x00000000d5d80000)
  to   space 1024K, 0% used [0x00000000d5e00000,0x00000000d5e00000,0x00000000d5f00000)
 ParOldGen       total 492544K, used 492051K [0x0000000080000000, 0x000000009e100000, 0x00000000d5580000)
  object space 492544K, 99% used [0x0000000080000000,0x000000009e084ce0,0x000000009e100000)
 Metaspace       used 76548K, committed 78272K, reserved 1179648K
  class space    used 8053K, committed 8832K, reserved 1048576K
}
Event: 282.729 GC heap before
{Heap before GC invocations=763 (full 3):
 PSYoungGen      total 5120K, used 4983K [0x00000000d5580000, 0x00000000d5f00000, 0x0000000100000000)
  eden space 4608K, 100% used [0x00000000d5580000,0x00000000d5a00000,0x00000000d5a00000)
  from space 512K, 73% used [0x00000000d5d00000,0x00000000d5d5dcb0,0x00000000d5d80000)
  to   space 1024K, 0% used [0x00000000d5e00000,0x00000000d5e00000,0x00000000d5f00000)
 ParOldGen       total 492544K, used 492081K [0x0000000080000000, 0x000000009e100000, 0x00000000d5580000)
  object space 492544K, 99% used [0x0000000080000000,0x000000009e08c790,0x000000009e100000)
 Metaspace       used 77194K, committed 78976K, reserved 1179648K
  class space    used 8103K, committed 8896K, reserved 1048576K
}
Event: 282.730 GC heap after
{Heap after GC invocations=763 (full 3):
 PSYoungGen      total 5120K, used 192K [0x00000000d5580000, 0x00000000d5e80000, 0x0000000100000000)
  eden space 4608K, 0% used [0x00000000d5580000,0x00000000d5580000,0x00000000d5a00000)
  from space 512K, 37% used [0x00000000d5e00000,0x00000000d5e30000,0x00000000d5e80000)
  to   space 512K, 0% used [0x00000000d5d00000,0x00000000d5d00000,0x00000000d5d80000)
 ParOldGen       total 492544K, used 492169K [0x0000000080000000, 0x000000009e100000, 0x00000000d5580000)
  object space 492544K, 99% used [0x0000000080000000,0x000000009e0a2790,0x000000009e100000)
 Metaspace       used 77194K, committed 78976K, reserved 1179648K
  class space    used 8103K, committed 8896K, reserved 1048576K
}
Event: 282.965 GC heap before
{Heap before GC invocations=764 (full 3):
 PSYoungGen      total 5120K, used 4799K [0x00000000d5580000, 0x00000000d5e80000, 0x0000000100000000)
  eden space 4608K, 99% used [0x00000000d5580000,0x00000000d59fffe8,0x00000000d5a00000)
  from space 512K, 37% used [0x00000000d5e00000,0x00000000d5e30000,0x00000000d5e80000)
  to   space 512K, 0% used [0x00000000d5d00000,0x00000000d5d00000,0x00000000d5d80000)
 ParOldGen       total 492544K, used 492169K [0x0000000080000000, 0x000000009e100000, 0x00000000d5580000)
  object space 492544K, 99% used [0x0000000080000000,0x000000009e0a2790,0x000000009e100000)
 Metaspace       used 77456K, committed 79168K, reserved 1179648K
  class space    used 8156K, committed 8896K, reserved 1048576K
}
Event: 282.966 GC heap after
{Heap after GC invocations=764 (full 3):
 PSYoungGen      total 5120K, used 480K [0x00000000d5580000, 0x00000000d5e80000, 0x0000000100000000)
  eden space 4608K, 0% used [0x00000000d5580000,0x00000000d5580000,0x00000000d5a00000)
  from space 512K, 93% used [0x00000000d5d00000,0x00000000d5d78040,0x00000000d5d80000)
  to   space 1024K, 0% used [0x00000000d5d80000,0x00000000d5d80000,0x00000000d5e80000)
 ParOldGen       total 492544K, used 492309K [0x0000000080000000, 0x000000009e100000, 0x00000000d5580000)
  object space 492544K, 99% used [0x0000000080000000,0x000000009e0c5710,0x000000009e100000)
 Metaspace       used 77456K, committed 79168K, reserved 1179648K
  class space    used 8156K, committed 8896K, reserved 1048576K
}
Event: 283.005 GC heap before
{Heap before GC invocations=765 (full 3):
 PSYoungGen      total 5120K, used 5088K [0x00000000d5580000, 0x00000000d5e80000, 0x0000000100000000)
  eden space 4608K, 100% used [0x00000000d5580000,0x00000000d5a00000,0x00000000d5a00000)
  from space 512K, 93% used [0x00000000d5d00000,0x00000000d5d78040,0x00000000d5d80000)
  to   space 1024K, 0% used [0x00000000d5d80000,0x00000000d5d80000,0x00000000d5e80000)
 ParOldGen       total 492544K, used 492309K [0x0000000080000000, 0x000000009e100000, 0x00000000d5580000)
  object space 492544K, 99% used [0x0000000080000000,0x000000009e0c5710,0x000000009e100000)
 Metaspace       used 77498K, committed 79168K, reserved 1179648K
  class space    used 8160K, committed 8896K, reserved 1048576K
}
Event: 283.006 GC heap after
{Heap after GC invocations=765 (full 3):
 PSYoungGen      total 5632K, used 1016K [0x00000000d5580000, 0x00000000d5e80000, 0x0000000100000000)
  eden space 4608K, 0% used [0x00000000d5580000,0x00000000d5580000,0x00000000d5a00000)
  from space 1024K, 99% used [0x00000000d5d80000,0x00000000d5e7e1c8,0x00000000d5e80000)
  to   space 2048K, 0% used [0x00000000d5a80000,0x00000000d5a80000,0x00000000d5c80000)
 ParOldGen       total 493056K, used 492781K [0x0000000080000000, 0x000000009e180000, 0x00000000d5580000)
  object space 493056K, 99% used [0x0000000080000000,0x000000009e13b750,0x000000009e180000)
 Metaspace       used 77498K, committed 79168K, reserved 1179648K
  class space    used 8160K, committed 8896K, reserved 1048576K
}
Event: 283.071 GC heap before
{Heap before GC invocations=766 (full 3):
 PSYoungGen      total 5632K, used 5624K [0x00000000d5580000, 0x00000000d5e80000, 0x0000000100000000)
  eden space 4608K, 100% used [0x00000000d5580000,0x00000000d5a00000,0x00000000d5a00000)
  from space 1024K, 99% used [0x00000000d5d80000,0x00000000d5e7e1c8,0x00000000d5e80000)
  to   space 2048K, 0% used [0x00000000d5a80000,0x00000000d5a80000,0x00000000d5c80000)
 ParOldGen       total 493056K, used 492781K [0x0000000080000000, 0x000000009e180000, 0x00000000d5580000)
  object space 493056K, 99% used [0x0000000080000000,0x000000009e13b750,0x000000009e180000)
 Metaspace       used 77811K, committed 79552K, reserved 1179648K
  class space    used 8179K, committed 8960K, reserved 1048576K
}
Event: 283.072 GC heap after
{Heap after GC invocations=766 (full 3):
 PSYoungGen      total 6656K, used 1033K [0x00000000d5580000, 0x00000000d5e00000, 0x0000000100000000)
  eden space 4608K, 0% used [0x00000000d5580000,0x00000000d5580000,0x00000000d5a00000)
  from space 2048K, 50% used [0x00000000d5a80000,0x00000000d5b82458,0x00000000d5c80000)
  to   space 1536K, 0% used [0x00000000d5c80000,0x00000000d5c80000,0x00000000d5e00000)
 ParOldGen       total 493568K, used 493556K [0x0000000080000000, 0x000000009e200000, 0x00000000d5580000)
  object space 493568K, 99% used [0x0000000080000000,0x000000009e1fd368,0x000000009e200000)
 Metaspace       used 77811K, committed 79552K, reserved 1179648K
  class space    used 8179K, committed 8960K, reserved 1048576K
}
Event: 283.143 GC heap before
{Heap before GC invocations=767 (full 3):
 PSYoungGen      total 6656K, used 5638K [0x00000000d5580000, 0x00000000d5e00000, 0x0000000100000000)
  eden space 4608K, 99% used [0x00000000d5580000,0x00000000d59ff3d0,0x00000000d5a00000)
  from space 2048K, 50% used [0x00000000d5a80000,0x00000000d5b82458,0x00000000d5c80000)
  to   space 1536K, 0% used [0x00000000d5c80000,0x00000000d5c80000,0x00000000d5e00000)
 ParOldGen       total 493568K, used 493556K [0x0000000080000000, 0x000000009e200000, 0x00000000d5580000)
  object space 493568K, 99% used [0x0000000080000000,0x000000009e1fd368,0x000000009e200000)
 Metaspace       used 78151K, committed 79872K, reserved 1179648K
  class space    used 8199K, committed 8960K, reserved 1048576K
}
Event: 283.146 GC heap after
{Heap after GC invocations=767 (full 3):
 PSYoungGen      total 5632K, used 832K [0x00000000d5580000, 0x00000000d5d80000, 0x0000000100000000)
  eden space 4608K, 0% used [0x00000000d5580000,0x00000000d5580000,0x00000000d5a00000)
  from space 1024K, 81% used [0x00000000d5c80000,0x00000000d5d50000,0x00000000d5d80000)
  to   space 1024K, 0% used [0x00000000d5b80000,0x00000000d5b80000,0x00000000d5c80000)
 ParOldGen       total 494592K, used 494249K [0x0000000080000000, 0x000000009e300000, 0x00000000d5580000)
  object space 494592K, 99% used [0x0000000080000000,0x000000009e2aa7a0,0x000000009e300000)
 Metaspace       used 78151K, committed 79872K, reserved 1179648K
  class space    used 8199K, committed 8960K, reserved 1048576K
}
Event: 283.175 GC heap before
{Heap before GC invocations=768 (full 3):
 PSYoungGen      total 5632K, used 5440K [0x00000000d5580000, 0x00000000d5d80000, 0x0000000100000000)
  eden space 4608K, 100% used [0x00000000d5580000,0x00000000d5a00000,0x00000000d5a00000)
  from space 1024K, 81% used [0x00000000d5c80000,0x00000000d5d50000,0x00000000d5d80000)
  to   space 1024K, 0% used [0x00000000d5b80000,0x00000000d5b80000,0x00000000d5c80000)
 ParOldGen       total 494592K, used 494249K [0x0000000080000000, 0x000000009e300000, 0x00000000d5580000)
  object space 494592K, 99% used [0x0000000080000000,0x000000009e2aa7a0,0x000000009e300000)
 Metaspace       used 78216K, committed 79936K, reserved 1179648K
  class space    used 8204K, committed 8960K, reserved 1048576K
}
Event: 283.177 GC heap after
{Heap after GC invocations=768 (full 3):
 PSYoungGen      total 5632K, used 996K [0x00000000d5580000, 0x00000000d5d00000, 0x0000000100000000)
  eden space 4608K, 0% used [0x00000000d5580000,0x00000000d5580000,0x00000000d5a00000)
  from space 1024K, 97% used [0x00000000d5b80000,0x00000000d5c79210,0x00000000d5c80000)
  to   space 512K, 0% used [0x00000000d5c80000,0x00000000d5c80000,0x00000000d5d00000)
 ParOldGen       total 495104K, used 494993K [0x0000000080000000, 0x000000009e380000, 0x00000000d5580000)
  object space 495104K, 99% used [0x0000000080000000,0x000000009e364520,0x000000009e380000)
 Metaspace       used 78216K, committed 79936K, reserved 1179648K
  class space    used 8204K, committed 8960K, reserved 1048576K
}

