# JRE version: OpenJDK Runtime Environment Temurin-21.0.8+9 (21.0.8+9) (build 21.0.8+9-LTS)
# Java VM: OpenJDK 64-Bit Server VM Temurin-21.0.8+9 (21.0.8+9-LTS, mixed mode, sharing, tiered, compressed oops, compressed class ptrs, parallel gc, windows-amd64)
GC Precious Log:
 CardTable entry size: 512
 CPUs: 12 total, 12 available
 Memory: 7895M
 Large Page Support: Disabled
 NUMA Support: Disabled
 Compressed Oops: Enabled (32-bit)
 Alignments: Space 512K, Generation 512K, Heap 2M
 Heap Min Capacity: 100M
 Heap Initial Capacity: 100M
 Heap Max Capacity: 2G
 Pre-touch: Disabled
 Parallel Workers: 10
Heap:
 PSYoungGen      total 6144K, used 4039K [0x00000000d5580000, 0x00000000d5d00000, 0x0000000100000000)
  eden space 4608K, 63% used [0x00000000d5580000,0x00000000d5859e68,0x00000000d5a00000)
  from space 1536K, 72% used [0x00000000d5b80000,0x00000000d5c98000,0x00000000d5d00000)
  to   space 1536K, 0% used [0x00000000d5a00000,0x00000000d5a00000,0x00000000d5b80000)
 ParOldGen       total 851968K, used 851928K [0x0000000080000000, 0x00000000b4000000, 0x00000000d5580000)
  object space 851968K, 99% used [0x0000000080000000,0x00000000b3ff6050,0x00000000b4000000)
 Metaspace       used 74236K, committed 75968K, reserved 1179648K
  class space    used 7655K, committed 8448K, reserved 1048576K
GC Heap History (20 events):
Event: 61.690 GC heap after
{Heap after GC invocations=702 (full 3):
 PSYoungGen      total 3072K, used 416K [0x00000000d5580000, 0x00000000d5a00000, 0x0000000100000000)
  eden space 2048K, 0% used [0x00000000d5580000,0x00000000d5580000,0x00000000d5780000)
  from space 1024K, 40% used [0x00000000d5780000,0x00000000d57e8020,0x00000000d5880000)
  to   space 1024K, 0% used [0x00000000d5900000,0x00000000d5900000,0x00000000d5a00000)
 ParOldGen       total 837120K, used 836610K [0x0000000080000000, 0x00000000b3180000, 0x00000000d5580000)
  object space 837120K, 99% used [0x0000000080000000,0x00000000b31008f8,0x00000000b3180000)
 Metaspace       used 74160K, committed 75904K, reserved 1179648K
  class space    used 7653K, committed 8448K, reserved 1048576K
}
Event: 61.706 GC heap before
{Heap before GC invocations=703 (full 3):
 PSYoungGen      total 3072K, used 2464K [0x00000000d5580000, 0x00000000d5a00000, 0x0000000100000000)
  eden space 2048K, 100% used [0x00000000d5580000,0x00000000d5780000,0x00000000d5780000)
  from space 1024K, 40% used [0x00000000d5780000,0x00000000d57e8020,0x00000000d5880000)
  to   space 1024K, 0% used [0x00000000d5900000,0x00000000d5900000,0x00000000d5a00000)
 ParOldGen       total 837120K, used 836610K [0x0000000080000000, 0x00000000b3180000, 0x00000000d5580000)
  object space 837120K, 99% used [0x0000000080000000,0x00000000b31008f8,0x00000000b3180000)
 Metaspace       used 74164K, committed 75904K, reserved 1179648K
  class space    used 7653K, committed 8448K, reserved 1048576K
}
Event: 61.708 GC heap after
{Heap after GC invocations=703 (full 3):
 PSYoungGen      total 3584K, used 384K [0x00000000d5580000, 0x00000000d5a00000, 0x0000000100000000)
  eden space 2560K, 0% used [0x00000000d5580000,0x00000000d5580000,0x00000000d5800000)
  from space 1024K, 37% used [0x00000000d5900000,0x00000000d5960000,0x00000000d5a00000)
  to   space 1024K, 0% used [0x00000000d5800000,0x00000000d5800000,0x00000000d5900000)
 ParOldGen       total 837120K, used 836898K [0x0000000080000000, 0x00000000b3180000, 0x00000000d5580000)
  object space 837120K, 99% used [0x0000000080000000,0x00000000b3148948,0x00000000b3180000)
 Metaspace       used 74164K, committed 75904K, reserved 1179648K
  class space    used 7653K, committed 8448K, reserved 1048576K
}
Event: 62.724 GC heap before
{Heap before GC invocations=704 (full 3):
 PSYoungGen      total 3584K, used 2943K [0x00000000d5580000, 0x00000000d5a00000, 0x0000000100000000)
  eden space 2560K, 99% used [0x00000000d5580000,0x00000000d57ffff0,0x00000000d5800000)
  from space 1024K, 37% used [0x00000000d5900000,0x00000000d5960000,0x00000000d5a00000)
  to   space 1024K, 0% used [0x00000000d5800000,0x00000000d5800000,0x00000000d5900000)
 ParOldGen       total 837120K, used 836898K [0x0000000080000000, 0x00000000b3180000, 0x00000000d5580000)
  object space 837120K, 99% used [0x0000000080000000,0x00000000b3148948,0x00000000b3180000)
 Metaspace       used 74167K, committed 75904K, reserved 1179648K
  class space    used 7653K, committed 8448K, reserved 1048576K
}
Event: 62.732 GC heap after
{Heap after GC invocations=704 (full 3):
 PSYoungGen      total 3584K, used 976K [0x00000000d5580000, 0x00000000d5b00000, 0x0000000100000000)
  eden space 2560K, 0% used [0x00000000d5580000,0x00000000d5580000,0x00000000d5800000)
  from space 1024K, 95% used [0x00000000d5800000,0x00000000d58f4070,0x00000000d5900000)
  to   space 1536K, 0% used [0x00000000d5980000,0x00000000d5980000,0x00000000d5b00000)
 ParOldGen       total 837120K, used 837002K [0x0000000080000000, 0x00000000b3180000, 0x00000000d5580000)
  object space 837120K, 99% used [0x0000000080000000,0x00000000b3162948,0x00000000b3180000)
 Metaspace       used 74167K, committed 75904K, reserved 1179648K
  class space    used 7653K, committed 8448K, reserved 1048576K
}
Event: 62.782 GC heap before
{Heap before GC invocations=705 (full 3):
 PSYoungGen      total 3584K, used 3536K [0x00000000d5580000, 0x00000000d5b00000, 0x0000000100000000)
  eden space 2560K, 100% used [0x00000000d5580000,0x00000000d5800000,0x00000000d5800000)
  from space 1024K, 95% used [0x00000000d5800000,0x00000000d58f4070,0x00000000d5900000)
  to   space 1536K, 0% used [0x00000000d5980000,0x00000000d5980000,0x00000000d5b00000)
 ParOldGen       total 837120K, used 837002K [0x0000000080000000, 0x00000000b3180000, 0x00000000d5580000)
  object space 837120K, 99% used [0x0000000080000000,0x00000000b3162948,0x00000000b3180000)
 Metaspace       used 74182K, committed 75904K, reserved 1179648K
  class space    used 7654K, committed 8448K, reserved 1048576K
}
Event: 63.791 GC heap after
{Heap after GC invocations=705 (full 3):
 PSYoungGen      total 2560K, used 1535K [0x00000000d5580000, 0x00000000d5e80000, 0x0000000100000000)
  eden space 1024K, 0% used [0x00000000d5580000,0x00000000d5580000,0x00000000d5680000)
  from space 1536K, 99% used [0x00000000d5980000,0x00000000d5afff30,0x00000000d5b00000)
  to   space 3072K, 0% used [0x00000000d5680000,0x00000000d5680000,0x00000000d5980000)
 ParOldGen       total 838144K, used 837906K [0x0000000080000000, 0x00000000b3280000, 0x00000000d5580000)
  object space 838144K, 99% used [0x0000000080000000,0x00000000b32449b8,0x00000000b3280000)
 Metaspace       used 74182K, committed 75904K, reserved 1179648K
  class space    used 7654K, committed 8448K, reserved 1048576K
}
Event: 63.796 GC heap before
{Heap before GC invocations=706 (full 3):
 PSYoungGen      total 2560K, used 2559K [0x00000000d5580000, 0x00000000d5e80000, 0x0000000100000000)
  eden space 1024K, 100% used [0x00000000d5580000,0x00000000d5680000,0x00000000d5680000)
  from space 1536K, 99% used [0x00000000d5980000,0x00000000d5afff30,0x00000000d5b00000)
  to   space 3072K, 0% used [0x00000000d5680000,0x00000000d5680000,0x00000000d5980000)
 ParOldGen       total 838144K, used 837906K [0x0000000080000000, 0x00000000b3280000, 0x00000000d5580000)
  object space 838144K, 99% used [0x0000000080000000,0x00000000b32449b8,0x00000000b3280000)
 Metaspace       used 74182K, committed 75904K, reserved 1179648K
  class space    used 7654K, committed 8448K, reserved 1048576K
}
Event: 63.799 GC heap after
{Heap after GC invocations=706 (full 3):
 PSYoungGen      total 2048K, used 800K [0x00000000d5580000, 0x00000000d5a00000, 0x0000000100000000)
  eden space 1024K, 0% used [0x00000000d5580000,0x00000000d5580000,0x00000000d5680000)
  from space 1024K, 78% used [0x00000000d5680000,0x00000000d5748000,0x00000000d5780000)
  to   space 1536K, 0% used [0x00000000d5880000,0x00000000d5880000,0x00000000d5a00000)
 ParOldGen       total 839680K, used 839386K [0x0000000080000000, 0x00000000b3400000, 0x00000000d5580000)
  object space 839680K, 99% used [0x0000000080000000,0x00000000b33b68f8,0x00000000b3400000)
 Metaspace       used 74182K, committed 75904K, reserved 1179648K
  class space    used 7654K, committed 8448K, reserved 1048576K
}
Event: 63.804 GC heap before
{Heap before GC invocations=707 (full 3):
 PSYoungGen      total 2048K, used 1823K [0x00000000d5580000, 0x00000000d5a00000, 0x0000000100000000)
  eden space 1024K, 99% used [0x00000000d5580000,0x00000000d567ffd0,0x00000000d5680000)
  from space 1024K, 78% used [0x00000000d5680000,0x00000000d5748000,0x00000000d5780000)
  to   space 1536K, 0% used [0x00000000d5880000,0x00000000d5880000,0x00000000d5a00000)
 ParOldGen       total 839680K, used 839386K [0x0000000080000000, 0x00000000b3400000, 0x00000000d5580000)
  object space 839680K, 99% used [0x0000000080000000,0x00000000b33b68f8,0x00000000b3400000)
 Metaspace       used 74187K, committed 75904K, reserved 1179648K
  class space    used 7654K, committed 8448K, reserved 1048576K
}
Event: 63.806 GC heap after
{Heap after GC invocations=707 (full 3):
 PSYoungGen      total 2560K, used 658K [0x00000000d5580000, 0x00000000d5980000, 0x0000000100000000)
  eden space 1536K, 0% used [0x00000000d5580000,0x00000000d5580000,0x00000000d5700000)
  from space 1024K, 64% used [0x00000000d5880000,0x00000000d5924928,0x00000000d5980000)
  to   space 1024K, 0% used [0x00000000d5780000,0x00000000d5780000,0x00000000d5880000)
 ParOldGen       total 840192K, used 839978K [0x0000000080000000, 0x00000000b3480000, 0x00000000d5580000)
  object space 840192K, 99% used [0x0000000080000000,0x00000000b344a868,0x00000000b3480000)
 Metaspace       used 74187K, committed 75904K, reserved 1179648K
  class space    used 7654K, committed 8448K, reserved 1048576K
}
Event: 63.816 GC heap before
{Heap before GC invocations=708 (full 3):
 PSYoungGen      total 2560K, used 2194K [0x00000000d5580000, 0x00000000d5980000, 0x0000000100000000)
  eden space 1536K, 100% used [0x00000000d5580000,0x00000000d5700000,0x00000000d5700000)
  from space 1024K, 64% used [0x00000000d5880000,0x00000000d5924928,0x00000000d5980000)
  to   space 1024K, 0% used [0x00000000d5780000,0x00000000d5780000,0x00000000d5880000)
 ParOldGen       total 840192K, used 839978K [0x0000000080000000, 0x00000000b3480000, 0x00000000d5580000)
  object space 840192K, 99% used [0x0000000080000000,0x00000000b344a868,0x00000000b3480000)
 Metaspace       used 74192K, committed 75904K, reserved 1179648K
  class space    used 7654K, committed 8448K, reserved 1048576K
}
Event: 63.818 GC heap after
{Heap after GC invocations=708 (full 3):
 PSYoungGen      total 3072K, used 1022K [0x00000000d5580000, 0x00000000d5b80000, 0x0000000100000000)
  eden space 2048K, 0% used [0x00000000d5580000,0x00000000d5580000,0x00000000d5780000)
  from space 1024K, 99% used [0x00000000d5780000,0x00000000d587fae8,0x00000000d5880000)
  to   space 2048K, 0% used [0x00000000d5980000,0x00000000d5980000,0x00000000d5b80000)
 ParOldGen       total 840704K, used 840515K [0x0000000080000000, 0x00000000b3500000, 0x00000000d5580000)
  object space 840704K, 99% used [0x0000000080000000,0x00000000b34d0d28,0x00000000b3500000)
 Metaspace       used 74192K, committed 75904K, reserved 1179648K
  class space    used 7654K, committed 8448K, reserved 1048576K
}
Event: 63.828 GC heap before
{Heap before GC invocations=709 (full 3):
 PSYoungGen      total 3072K, used 3070K [0x00000000d5580000, 0x00000000d5b80000, 0x0000000100000000)
  eden space 2048K, 100% used [0x00000000d5580000,0x00000000d5780000,0x00000000d5780000)
  from space 1024K, 99% used [0x00000000d5780000,0x00000000d587fae8,0x00000000d5880000)
  to   space 2048K, 0% used [0x00000000d5980000,0x00000000d5980000,0x00000000d5b80000)
 ParOldGen       total 840704K, used 840515K [0x0000000080000000, 0x00000000b3500000, 0x00000000d5580000)
  object space 840704K, 99% used [0x0000000080000000,0x00000000b34d0d28,0x00000000b3500000)
 Metaspace       used 74198K, committed 75968K, reserved 1179648K
  class space    used 7654K, committed 8448K, reserved 1048576K
}
Event: 63.830 GC heap after
{Heap after GC invocations=709 (full 3):
 PSYoungGen      total 4096K, used 1619K [0x00000000d5580000, 0x00000000d5c00000, 0x0000000100000000)
  eden space 2048K, 0% used [0x00000000d5580000,0x00000000d5580000,0x00000000d5780000)
  from space 2048K, 79% used [0x00000000d5980000,0x00000000d5b14d10,0x00000000d5b80000)
  to   space 2048K, 0% used [0x00000000d5780000,0x00000000d5780000,0x00000000d5980000)
 ParOldGen       total 841728K, used 841475K [0x0000000080000000, 0x00000000b3600000, 0x00000000d5580000)
  object space 841728K, 99% used [0x0000000080000000,0x00000000b35c0c20,0x00000000b3600000)
 Metaspace       used 74198K, committed 75968K, reserved 1179648K
  class space    used 7654K, committed 8448K, reserved 1048576K
}
Event: 64.858 GC heap before
{Heap before GC invocations=710 (full 3):
 PSYoungGen      total 4096K, used 3667K [0x00000000d5580000, 0x00000000d5c00000, 0x0000000100000000)
  eden space 2048K, 100% used [0x00000000d5580000,0x00000000d5780000,0x00000000d5780000)
  from space 2048K, 79% used [0x00000000d5980000,0x00000000d5b14d10,0x00000000d5b80000)
  to   space 2048K, 0% used [0x00000000d5780000,0x00000000d5780000,0x00000000d5980000)
 ParOldGen       total 841728K, used 841475K [0x0000000080000000, 0x00000000b3600000, 0x00000000d5580000)
  object space 841728K, 99% used [0x0000000080000000,0x00000000b35c0c20,0x00000000b3600000)
 Metaspace       used 74199K, committed 75968K, reserved 1179648K
  class space    used 7654K, committed 8448K, reserved 1048576K
}
Event: 64.859 GC heap after
{Heap after GC invocations=710 (full 3):
 PSYoungGen      total 2560K, used 359K [0x00000000d5580000, 0x00000000d5a00000, 0x0000000100000000)
  eden space 2048K, 0% used [0x00000000d5580000,0x00000000d5580000,0x00000000d5780000)
  from space 512K, 70% used [0x00000000d5780000,0x00000000d57d9c60,0x00000000d5800000)
  to   space 1024K, 0% used [0x00000000d5900000,0x00000000d5900000,0x00000000d5a00000)
 ParOldGen       total 843264K, used 842872K [0x0000000080000000, 0x00000000b3780000, 0x00000000d5580000)
  object space 843264K, 99% used [0x0000000080000000,0x00000000b371e1e0,0x00000000b3780000)
 Metaspace       used 74199K, committed 75968K, reserved 1179648K
  class space    used 7654K, committed 8448K, reserved 1048576K
}
Event: 64.867 GC heap before
{Heap before GC invocations=711 (full 3):
 PSYoungGen      total 2560K, used 2406K [0x00000000d5580000, 0x00000000d5a00000, 0x0000000100000000)
  eden space 2048K, 99% used [0x00000000d5580000,0x00000000d577ff78,0x00000000d5780000)
  from space 512K, 70% used [0x00000000d5780000,0x00000000d57d9c60,0x00000000d5800000)
  to   space 1024K, 0% used [0x00000000d5900000,0x00000000d5900000,0x00000000d5a00000)
 ParOldGen       total 843264K, used 842872K [0x0000000080000000, 0x00000000b3780000, 0x00000000d5580000)
  object space 843264K, 99% used [0x0000000080000000,0x00000000b371e1e0,0x00000000b3780000)
 Metaspace       used 74209K, committed 75968K, reserved 1179648K
  class space    used 7655K, committed 8448K, reserved 1048576K
}
Event: 64.869 GC heap after
{Heap after GC invocations=711 (full 3):
 PSYoungGen      total 3072K, used 1018K [0x00000000d5580000, 0x00000000d5a80000, 0x0000000100000000)
  eden space 2048K, 0% used [0x00000000d5580000,0x00000000d5580000,0x00000000d5780000)
  from space 1024K, 99% used [0x00000000d5900000,0x00000000d59fe8d8,0x00000000d5a00000)
  to   space 1536K, 0% used [0x00000000d5780000,0x00000000d5780000,0x00000000d5900000)
 ParOldGen       total 843264K, used 843122K [0x0000000080000000, 0x00000000b3780000, 0x00000000d5580000)
  object space 843264K, 99% used [0x0000000080000000,0x00000000b375c978,0x00000000b3780000)
 Metaspace       used 74209K, committed 75968K, reserved 1179648K
  class space    used 7655K, committed 8448K, reserved 1048576K
}
Event: 64.876 GC heap before
{Heap before GC invocations=712 (full 3):
 PSYoungGen      total 3072K, used 3066K [0x00000000d5580000, 0x00000000d5a80000, 0x0000000100000000)
  eden space 2048K, 100% used [0x00000000d5580000,0x00000000d5780000,0x00000000d5780000)
  from space 1024K, 99% used [0x00000000d5900000,0x00000000d59fe8d8,0x00000000d5a00000)
  to   space 1536K, 0% used [0x00000000d5780000,0x00000000d5780000,0x00000000d5900000)
 ParOldGen       total 843264K, used 843122K [0x0000000080000000, 0x00000000b3780000, 0x00000000d5580000)
  object space 843264K, 99% used [0x0000000080000000,0x00000000b375c978,0x00000000b3780000)
 Metaspace       used 74211K, committed 75968K, reserved 1179648K
  class space    used 7655K, committed 8448K, reserved 1048576K
}

