# JRE version: OpenJDK Runtime Environment Temurin-21.0.8+9 (21.0.8+9) (build 21.0.8+9-LTS)
# Java VM: OpenJDK 64-Bit Server VM Temurin-21.0.8+9 (21.0.8+9-LTS, mixed mode, sharing, tiered, compressed oops, compressed class ptrs, parallel gc, windows-amd64)
GC Precious Log:
 CardTable entry size: 512
 CPUs: 12 total, 12 available
 Memory: 7895M
 Large Page Support: Disabled
 NUMA Support: Disabled
 Compressed Oops: Enabled (32-bit)
 Alignments: Space 512K, Generation 512K, Heap 2M
 Heap Min Capacity: 100M
 Heap Initial Capacity: 100M
 Heap Max Capacity: 2G
 Pre-touch: Disabled
 Parallel Workers: 10
Heap:
 PSYoungGen      total 5120K, used 798K [0x00000000d5580000, 0x00000000d5d00000, 0x0000000100000000)
  eden space 4608K, 9% used [0x00000000d5580000,0x00000000d5606160,0x00000000d5a00000)
  from space 512K, 68% used [0x00000000d5c80000,0x00000000d5cd8000,0x00000000d5d00000)
  to   space 512K, 0% used [0x00000000d5c00000,0x00000000d5c00000,0x00000000d5c80000)
 ParOldGen       total 99328K, used 61301K [0x0000000080000000, 0x0000000086100000, 0x00000000d5580000)
  object space 99328K, 61% used [0x0000000080000000,0x0000000083bdd6d0,0x0000000086100000)
 Metaspace       used 59786K, committed 61248K, reserved 1114112K
  class space    used 6424K, committed 7104K, reserved 1048576K
GC Heap History (20 events):
Event: 8.448 GC heap before
{Heap before GC invocations=58 (full 3):
 PSYoungGen      total 5120K, used 4992K [0x00000000d5580000, 0x00000000d5d00000, 0x0000000100000000)
  eden space 4608K, 100% used [0x00000000d5580000,0x00000000d5a00000,0x00000000d5a00000)
  from space 512K, 75% used [0x00000000d5c80000,0x00000000d5ce0000,0x00000000d5d00000)
  to   space 1024K, 0% used [0x00000000d5b00000,0x00000000d5b00000,0x00000000d5c00000)
 ParOldGen       total 99328K, used 58143K [0x0000000080000000, 0x0000000086100000, 0x00000000d5580000)
  object space 99328K, 58% used [0x0000000080000000,0x00000000838c7e20,0x0000000086100000)
 Metaspace       used 59457K, committed 60928K, reserved 1114112K
  class space    used 6380K, committed 7040K, reserved 1048576K
}
Event: 8.450 GC heap after
{Heap after GC invocations=58 (full 3):
 PSYoungGen      total 5632K, used 352K [0x00000000d5580000, 0x00000000d5d00000, 0x0000000100000000)
  eden space 4608K, 0% used [0x00000000d5580000,0x00000000d5580000,0x00000000d5a00000)
  from space 1024K, 34% used [0x00000000d5b00000,0x00000000d5b58000,0x00000000d5c00000)
  to   space 512K, 0% used [0x00000000d5c80000,0x00000000d5c80000,0x00000000d5d00000)
 ParOldGen       total 99328K, used 58447K [0x0000000080000000, 0x0000000086100000, 0x00000000d5580000)
  object space 99328K, 58% used [0x0000000080000000,0x0000000083913e20,0x0000000086100000)
 Metaspace       used 59457K, committed 60928K, reserved 1114112K
  class space    used 6380K, committed 7040K, reserved 1048576K
}
Event: 8.463 GC heap before
{Heap before GC invocations=59 (full 3):
 PSYoungGen      total 5632K, used 4960K [0x00000000d5580000, 0x00000000d5d00000, 0x0000000100000000)
  eden space 4608K, 100% used [0x00000000d5580000,0x00000000d5a00000,0x00000000d5a00000)
  from space 1024K, 34% used [0x00000000d5b00000,0x00000000d5b58000,0x00000000d5c00000)
  to   space 512K, 0% used [0x00000000d5c80000,0x00000000d5c80000,0x00000000d5d00000)
 ParOldGen       total 99328K, used 58447K [0x0000000080000000, 0x0000000086100000, 0x00000000d5580000)
  object space 99328K, 58% used [0x0000000080000000,0x0000000083913e20,0x0000000086100000)
 Metaspace       used 59547K, committed 60992K, reserved 1114112K
  class space    used 6395K, committed 7040K, reserved 1048576K
}
Event: 8.466 GC heap after
{Heap after GC invocations=59 (full 3):
 PSYoungGen      total 5120K, used 352K [0x00000000d5580000, 0x00000000d5d00000, 0x0000000100000000)
  eden space 4608K, 0% used [0x00000000d5580000,0x00000000d5580000,0x00000000d5a00000)
  from space 512K, 68% used [0x00000000d5c80000,0x00000000d5cd8000,0x00000000d5d00000)
  to   space 512K, 0% used [0x00000000d5c00000,0x00000000d5c00000,0x00000000d5c80000)
 ParOldGen       total 99328K, used 58647K [0x0000000080000000, 0x0000000086100000, 0x00000000d5580000)
  object space 99328K, 59% used [0x0000000080000000,0x0000000083945e20,0x0000000086100000)
 Metaspace       used 59547K, committed 60992K, reserved 1114112K
  class space    used 6395K, committed 7040K, reserved 1048576K
}
Event: 8.476 GC heap before
{Heap before GC invocations=60 (full 3):
 PSYoungGen      total 5120K, used 4960K [0x00000000d5580000, 0x00000000d5d00000, 0x0000000100000000)
  eden space 4608K, 100% used [0x00000000d5580000,0x00000000d5a00000,0x00000000d5a00000)
  from space 512K, 68% used [0x00000000d5c80000,0x00000000d5cd8000,0x00000000d5d00000)
  to   space 512K, 0% used [0x00000000d5c00000,0x00000000d5c00000,0x00000000d5c80000)
 ParOldGen       total 99328K, used 58647K [0x0000000080000000, 0x0000000086100000, 0x00000000d5580000)
  object space 99328K, 59% used [0x0000000080000000,0x0000000083945e20,0x0000000086100000)
 Metaspace       used 59606K, committed 61056K, reserved 1114112K
  class space    used 6402K, committed 7040K, reserved 1048576K
}
Event: 8.486 GC heap after
{Heap after GC invocations=60 (full 3):
 PSYoungGen      total 5120K, used 288K [0x00000000d5580000, 0x00000000d5d00000, 0x0000000100000000)
  eden space 4608K, 0% used [0x00000000d5580000,0x00000000d5580000,0x00000000d5a00000)
  from space 512K, 56% used [0x00000000d5c00000,0x00000000d5c48000,0x00000000d5c80000)
  to   space 512K, 0% used [0x00000000d5c80000,0x00000000d5c80000,0x00000000d5d00000)
 ParOldGen       total 99328K, used 58863K [0x0000000080000000, 0x0000000086100000, 0x00000000d5580000)
  object space 99328K, 59% used [0x0000000080000000,0x000000008397be20,0x0000000086100000)
 Metaspace       used 59606K, committed 61056K, reserved 1114112K
  class space    used 6402K, committed 7040K, reserved 1048576K
}
Event: 8.499 GC heap before
{Heap before GC invocations=61 (full 3):
 PSYoungGen      total 5120K, used 4896K [0x00000000d5580000, 0x00000000d5d00000, 0x0000000100000000)
  eden space 4608K, 100% used [0x00000000d5580000,0x00000000d5a00000,0x00000000d5a00000)
  from space 512K, 56% used [0x00000000d5c00000,0x00000000d5c48000,0x00000000d5c80000)
  to   space 512K, 0% used [0x00000000d5c80000,0x00000000d5c80000,0x00000000d5d00000)
 ParOldGen       total 99328K, used 58863K [0x0000000080000000, 0x0000000086100000, 0x00000000d5580000)
  object space 99328K, 59% used [0x0000000080000000,0x000000008397be20,0x0000000086100000)
 Metaspace       used 59658K, committed 61120K, reserved 1114112K
  class space    used 6408K, committed 7040K, reserved 1048576K
}
Event: 8.501 GC heap after
{Heap after GC invocations=61 (full 3):
 PSYoungGen      total 5120K, used 384K [0x00000000d5580000, 0x00000000d5d00000, 0x0000000100000000)
  eden space 4608K, 0% used [0x00000000d5580000,0x00000000d5580000,0x00000000d5a00000)
  from space 512K, 75% used [0x00000000d5c80000,0x00000000d5ce0000,0x00000000d5d00000)
  to   space 512K, 0% used [0x00000000d5c00000,0x00000000d5c00000,0x00000000d5c80000)
 ParOldGen       total 99328K, used 59431K [0x0000000080000000, 0x0000000086100000, 0x00000000d5580000)
  object space 99328K, 59% used [0x0000000080000000,0x0000000083a09e20,0x0000000086100000)
 Metaspace       used 59658K, committed 61120K, reserved 1114112K
  class space    used 6408K, committed 7040K, reserved 1048576K
}
Event: 8.511 GC heap before
{Heap before GC invocations=62 (full 3):
 PSYoungGen      total 5120K, used 4992K [0x00000000d5580000, 0x00000000d5d00000, 0x0000000100000000)
  eden space 4608K, 100% used [0x00000000d5580000,0x00000000d5a00000,0x00000000d5a00000)
  from space 512K, 75% used [0x00000000d5c80000,0x00000000d5ce0000,0x00000000d5d00000)
  to   space 512K, 0% used [0x00000000d5c00000,0x00000000d5c00000,0x00000000d5c80000)
 ParOldGen       total 99328K, used 59431K [0x0000000080000000, 0x0000000086100000, 0x00000000d5580000)
  object space 99328K, 59% used [0x0000000080000000,0x0000000083a09e20,0x0000000086100000)
 Metaspace       used 59666K, committed 61120K, reserved 1114112K
  class space    used 6408K, committed 7040K, reserved 1048576K
}
Event: 8.512 GC heap after
{Heap after GC invocations=62 (full 3):
 PSYoungGen      total 5120K, used 320K [0x00000000d5580000, 0x00000000d5d00000, 0x0000000100000000)
  eden space 4608K, 0% used [0x00000000d5580000,0x00000000d5580000,0x00000000d5a00000)
  from space 512K, 62% used [0x00000000d5c00000,0x00000000d5c50000,0x00000000d5c80000)
  to   space 512K, 0% used [0x00000000d5c80000,0x00000000d5c80000,0x00000000d5d00000)
 ParOldGen       total 99328K, used 59647K [0x0000000080000000, 0x0000000086100000, 0x00000000d5580000)
  object space 99328K, 60% used [0x0000000080000000,0x0000000083a3fe20,0x0000000086100000)
 Metaspace       used 59666K, committed 61120K, reserved 1114112K
  class space    used 6408K, committed 7040K, reserved 1048576K
}
Event: 8.518 GC heap before
{Heap before GC invocations=63 (full 3):
 PSYoungGen      total 5120K, used 4928K [0x00000000d5580000, 0x00000000d5d00000, 0x0000000100000000)
  eden space 4608K, 100% used [0x00000000d5580000,0x00000000d5a00000,0x00000000d5a00000)
  from space 512K, 62% used [0x00000000d5c00000,0x00000000d5c50000,0x00000000d5c80000)
  to   space 512K, 0% used [0x00000000d5c80000,0x00000000d5c80000,0x00000000d5d00000)
 ParOldGen       total 99328K, used 59647K [0x0000000080000000, 0x0000000086100000, 0x00000000d5580000)
  object space 99328K, 60% used [0x0000000080000000,0x0000000083a3fe20,0x0000000086100000)
 Metaspace       used 59674K, committed 61120K, reserved 1114112K
  class space    used 6409K, committed 7040K, reserved 1048576K
}
Event: 8.520 GC heap after
{Heap after GC invocations=63 (full 3):
 PSYoungGen      total 5120K, used 288K [0x00000000d5580000, 0x00000000d5d00000, 0x0000000100000000)
  eden space 4608K, 0% used [0x00000000d5580000,0x00000000d5580000,0x00000000d5a00000)
  from space 512K, 56% used [0x00000000d5c80000,0x00000000d5cc8000,0x00000000d5d00000)
  to   space 512K, 0% used [0x00000000d5c00000,0x00000000d5c00000,0x00000000d5c80000)
 ParOldGen       total 99328K, used 59791K [0x0000000080000000, 0x0000000086100000, 0x00000000d5580000)
  object space 99328K, 60% used [0x0000000080000000,0x0000000083a63e20,0x0000000086100000)
 Metaspace       used 59674K, committed 61120K, reserved 1114112K
  class space    used 6409K, committed 7040K, reserved 1048576K
}
Event: 8.527 GC heap before
{Heap before GC invocations=64 (full 3):
 PSYoungGen      total 5120K, used 4896K [0x00000000d5580000, 0x00000000d5d00000, 0x0000000100000000)
  eden space 4608K, 100% used [0x00000000d5580000,0x00000000d5a00000,0x00000000d5a00000)
  from space 512K, 56% used [0x00000000d5c80000,0x00000000d5cc8000,0x00000000d5d00000)
  to   space 512K, 0% used [0x00000000d5c00000,0x00000000d5c00000,0x00000000d5c80000)
 ParOldGen       total 99328K, used 59791K [0x0000000080000000, 0x0000000086100000, 0x00000000d5580000)
  object space 99328K, 60% used [0x0000000080000000,0x0000000083a63e20,0x0000000086100000)
 Metaspace       used 59710K, committed 61120K, reserved 1114112K
  class space    used 6410K, committed 7040K, reserved 1048576K
}
Event: 8.528 GC heap after
{Heap after GC invocations=64 (full 3):
 PSYoungGen      total 5120K, used 352K [0x00000000d5580000, 0x00000000d5d00000, 0x0000000100000000)
  eden space 4608K, 0% used [0x00000000d5580000,0x00000000d5580000,0x00000000d5a00000)
  from space 512K, 68% used [0x00000000d5c00000,0x00000000d5c58010,0x00000000d5c80000)
  to   space 512K, 0% used [0x00000000d5c80000,0x00000000d5c80000,0x00000000d5d00000)
 ParOldGen       total 99328K, used 59943K [0x0000000080000000, 0x0000000086100000, 0x00000000d5580000)
  object space 99328K, 60% used [0x0000000080000000,0x0000000083a89e20,0x0000000086100000)
 Metaspace       used 59710K, committed 61120K, reserved 1114112K
  class space    used 6410K, committed 7040K, reserved 1048576K
}
Event: 8.535 GC heap before
{Heap before GC invocations=65 (full 3):
 PSYoungGen      total 5120K, used 4960K [0x00000000d5580000, 0x00000000d5d00000, 0x0000000100000000)
  eden space 4608K, 100% used [0x00000000d5580000,0x00000000d5a00000,0x00000000d5a00000)
  from space 512K, 68% used [0x00000000d5c00000,0x00000000d5c58010,0x00000000d5c80000)
  to   space 512K, 0% used [0x00000000d5c80000,0x00000000d5c80000,0x00000000d5d00000)
 ParOldGen       total 99328K, used 59943K [0x0000000080000000, 0x0000000086100000, 0x00000000d5580000)
  object space 99328K, 60% used [0x0000000080000000,0x0000000083a89e20,0x0000000086100000)
 Metaspace       used 59714K, committed 61120K, reserved 1114112K
  class space    used 6412K, committed 7040K, reserved 1048576K
}
Event: 8.536 GC heap after
{Heap after GC invocations=65 (full 3):
 PSYoungGen      total 5120K, used 224K [0x00000000d5580000, 0x00000000d5d00000, 0x0000000100000000)
  eden space 4608K, 0% used [0x00000000d5580000,0x00000000d5580000,0x00000000d5a00000)
  from space 512K, 43% used [0x00000000d5c80000,0x00000000d5cb8000,0x00000000d5d00000)
  to   space 512K, 0% used [0x00000000d5c00000,0x00000000d5c00000,0x00000000d5c80000)
 ParOldGen       total 99328K, used 60063K [0x0000000080000000, 0x0000000086100000, 0x00000000d5580000)
  object space 99328K, 60% used [0x0000000080000000,0x0000000083aa7e20,0x0000000086100000)
 Metaspace       used 59714K, committed 61120K, reserved 1114112K
  class space    used 6412K, committed 7040K, reserved 1048576K
}
Event: 8.543 GC heap before
{Heap before GC invocations=66 (full 3):
 PSYoungGen      total 5120K, used 4832K [0x00000000d5580000, 0x00000000d5d00000, 0x0000000100000000)
  eden space 4608K, 100% used [0x00000000d5580000,0x00000000d5a00000,0x00000000d5a00000)
  from space 512K, 43% used [0x00000000d5c80000,0x00000000d5cb8000,0x00000000d5d00000)
  to   space 512K, 0% used [0x00000000d5c00000,0x00000000d5c00000,0x00000000d5c80000)
 ParOldGen       total 99328K, used 60063K [0x0000000080000000, 0x0000000086100000, 0x00000000d5580000)
  object space 99328K, 60% used [0x0000000080000000,0x0000000083aa7e20,0x0000000086100000)
 Metaspace       used 59726K, committed 61184K, reserved 1114112K
  class space    used 6413K, committed 7040K, reserved 1048576K
}
Event: 8.544 GC heap after
{Heap after GC invocations=66 (full 3):
 PSYoungGen      total 5120K, used 288K [0x00000000d5580000, 0x00000000d5d00000, 0x0000000100000000)
  eden space 4608K, 0% used [0x00000000d5580000,0x00000000d5580000,0x00000000d5a00000)
  from space 512K, 56% used [0x00000000d5c00000,0x00000000d5c48000,0x00000000d5c80000)
  to   space 512K, 0% used [0x00000000d5c80000,0x00000000d5c80000,0x00000000d5d00000)
 ParOldGen       total 99328K, used 60175K [0x0000000080000000, 0x0000000086100000, 0x00000000d5580000)
  object space 99328K, 60% used [0x0000000080000000,0x0000000083ac3e20,0x0000000086100000)
 Metaspace       used 59726K, committed 61184K, reserved 1114112K
  class space    used 6413K, committed 7040K, reserved 1048576K
}
Event: 8.550 GC heap before
{Heap before GC invocations=67 (full 3):
 PSYoungGen      total 5120K, used 4896K [0x00000000d5580000, 0x00000000d5d00000, 0x0000000100000000)
  eden space 4608K, 100% used [0x00000000d5580000,0x00000000d5a00000,0x00000000d5a00000)
  from space 512K, 56% used [0x00000000d5c00000,0x00000000d5c48000,0x00000000d5c80000)
  to   space 512K, 0% used [0x00000000d5c80000,0x00000000d5c80000,0x00000000d5d00000)
 ParOldGen       total 99328K, used 60175K [0x0000000080000000, 0x0000000086100000, 0x00000000d5580000)
  object space 99328K, 60% used [0x0000000080000000,0x0000000083ac3e20,0x0000000086100000)
 Metaspace       used 59738K, committed 61184K, reserved 1114112K
  class space    used 6415K, committed 7040K, reserved 1048576K
}
Event: 8.550 GC heap after
{Heap after GC invocations=67 (full 3):
 PSYoungGen      total 5120K, used 320K [0x00000000d5580000, 0x00000000d5d00000, 0x0000000100000000)
  eden space 4608K, 0% used [0x00000000d5580000,0x00000000d5580000,0x00000000d5a00000)
  from space 512K, 62% used [0x00000000d5c80000,0x00000000d5cd0000,0x00000000d5d00000)
  to   space 512K, 0% used [0x00000000d5c00000,0x00000000d5c00000,0x00000000d5c80000)
 ParOldGen       total 99328K, used 60295K [0x0000000080000000, 0x0000000086100000, 0x00000000d5580000)
  object space 99328K, 60% used [0x0000000080000000,0x0000000083ae1e20,0x0000000086100000)
 Metaspace       used 59738K, committed 61184K, reserved 1114112K
  class space    used 6415K, committed 7040K, reserved 1048576K
}

