# JRE version: OpenJDK Runtime Environment Temurin-21.0.8+9 (21.0.8+9) (build 21.0.8+9-LTS)
# Java VM: OpenJDK 64-Bit Server VM Temurin-21.0.8+9 (21.0.8+9-LTS, mixed mode, sharing, tiered, compressed oops, compressed class ptrs, parallel gc, windows-amd64)
GC Precious Log:
 CardTable entry size: 512
 CPUs: 12 total, 12 available
 Memory: 7895M
 Large Page Support: Disabled
 NUMA Support: Disabled
 Compressed Oops: Enabled (32-bit)
 Alignments: Space 512K, Generation 512K, Heap 2M
 Heap Min Capacity: 100M
 Heap Initial Capacity: 100M
 Heap Max Capacity: 2G
 Pre-touch: Disabled
 Parallel Workers: 10
Heap:
 PSYoungGen      total 22528K, used 16304K [0x00000000d5580000, 0x00000000d7080000, 0x0000000100000000)
  eden space 20480K, 71% used [0x00000000d5580000,0x00000000d63bec60,0x00000000d6980000)
  from space 2048K, 83% used [0x00000000d6e80000,0x00000000d702d750,0x00000000d7080000)
  to   space 3072K, 0% used [0x00000000d6a80000,0x00000000d6a80000,0x00000000d6d80000)
 ParOldGen       total 93696K, used 93096K [0x0000000080000000, 0x0000000085b80000, 0x00000000d5580000)
  object space 93696K, 99% used [0x0000000080000000,0x0000000085aea1e0,0x0000000085b80000)
 Metaspace       used 59778K, committed 61184K, reserved 1114112K
  class space    used 6461K, committed 7040K, reserved 1048576K
GC Heap History (20 events):
Event: 10.726 GC heap before
{Heap before GC invocations=61 (full 2):
 PSYoungGen      total 21504K, used 21248K [0x00000000d5580000, 0x00000000d6c80000, 0x0000000100000000)
  eden space 20480K, 100% used [0x00000000d5580000,0x00000000d6980000,0x00000000d6980000)
  from space 1024K, 75% used [0x00000000d6b80000,0x00000000d6c40000,0x00000000d6c80000)
  to   space 1536K, 0% used [0x00000000d6980000,0x00000000d6980000,0x00000000d6b00000)
 ParOldGen       total 77824K, used 77456K [0x0000000080000000, 0x0000000084c00000, 0x00000000d5580000)
  object space 77824K, 99% used [0x0000000080000000,0x0000000084ba4288,0x0000000084c00000)
 Metaspace       used 54104K, committed 55488K, reserved 1114112K
  class space    used 5924K, committed 6464K, reserved 1048576K
}
Event: 10.728 GC heap after
{Heap after GC invocations=61 (full 2):
 PSYoungGen      total 22016K, used 384K [0x00000000d5580000, 0x00000000d6c00000, 0x0000000100000000)
  eden space 20480K, 0% used [0x00000000d5580000,0x00000000d5580000,0x00000000d6980000)
  from space 1536K, 25% used [0x00000000d6980000,0x00000000d69e0000,0x00000000d6b00000)
  to   space 1024K, 0% used [0x00000000d6b00000,0x00000000d6b00000,0x00000000d6c00000)
 ParOldGen       total 78336K, used 78088K [0x0000000080000000, 0x0000000084c80000, 0x00000000d5580000)
  object space 78336K, 99% used [0x0000000080000000,0x0000000084c42298,0x0000000084c80000)
 Metaspace       used 54104K, committed 55488K, reserved 1114112K
  class space    used 5924K, committed 6464K, reserved 1048576K
}
Event: 10.750 GC heap before
{Heap before GC invocations=62 (full 2):
 PSYoungGen      total 22016K, used 20864K [0x00000000d5580000, 0x00000000d6c00000, 0x0000000100000000)
  eden space 20480K, 100% used [0x00000000d5580000,0x00000000d6980000,0x00000000d6980000)
  from space 1536K, 25% used [0x00000000d6980000,0x00000000d69e0000,0x00000000d6b00000)
  to   space 1024K, 0% used [0x00000000d6b00000,0x00000000d6b00000,0x00000000d6c00000)
 ParOldGen       total 78336K, used 78088K [0x0000000080000000, 0x0000000084c80000, 0x00000000d5580000)
  object space 78336K, 99% used [0x0000000080000000,0x0000000084c42298,0x0000000084c80000)
 Metaspace       used 54105K, committed 55488K, reserved 1114112K
  class space    used 5924K, committed 6464K, reserved 1048576K
}
Event: 10.752 GC heap after
{Heap after GC invocations=62 (full 2):
 PSYoungGen      total 21504K, used 704K [0x00000000d5580000, 0x00000000d6c00000, 0x0000000100000000)
  eden space 20480K, 0% used [0x00000000d5580000,0x00000000d5580000,0x00000000d6980000)
  from space 1024K, 68% used [0x00000000d6b00000,0x00000000d6bb0000,0x00000000d6c00000)
  to   space 1024K, 0% used [0x00000000d6a00000,0x00000000d6a00000,0x00000000d6b00000)
 ParOldGen       total 78848K, used 78464K [0x0000000080000000, 0x0000000084d00000, 0x00000000d5580000)
  object space 78848K, 99% used [0x0000000080000000,0x0000000084ca0298,0x0000000084d00000)
 Metaspace       used 54105K, committed 55488K, reserved 1114112K
  class space    used 5924K, committed 6464K, reserved 1048576K
}
Event: 10.784 GC heap before
{Heap before GC invocations=63 (full 2):
 PSYoungGen      total 21504K, used 21184K [0x00000000d5580000, 0x00000000d6c00000, 0x0000000100000000)
  eden space 20480K, 100% used [0x00000000d5580000,0x00000000d6980000,0x00000000d6980000)
  from space 1024K, 68% used [0x00000000d6b00000,0x00000000d6bb0000,0x00000000d6c00000)
  to   space 1024K, 0% used [0x00000000d6a00000,0x00000000d6a00000,0x00000000d6b00000)
 ParOldGen       total 78848K, used 78464K [0x0000000080000000, 0x0000000084d00000, 0x00000000d5580000)
  object space 78848K, 99% used [0x0000000080000000,0x0000000084ca0298,0x0000000084d00000)
 Metaspace       used 54106K, committed 55488K, reserved 1114112K
  class space    used 5924K, committed 6464K, reserved 1048576K
}
Event: 10.786 GC heap after
{Heap after GC invocations=63 (full 2):
 PSYoungGen      total 21504K, used 608K [0x00000000d5580000, 0x00000000d6b80000, 0x0000000100000000)
  eden space 20480K, 0% used [0x00000000d5580000,0x00000000d5580000,0x00000000d6980000)
  from space 1024K, 59% used [0x00000000d6a00000,0x00000000d6a98000,0x00000000d6b00000)
  to   space 512K, 0% used [0x00000000d6b00000,0x00000000d6b00000,0x00000000d6b80000)
 ParOldGen       total 79360K, used 79024K [0x0000000080000000, 0x0000000084d80000, 0x00000000d5580000)
  object space 79360K, 99% used [0x0000000080000000,0x0000000084d2c268,0x0000000084d80000)
 Metaspace       used 54106K, committed 55488K, reserved 1114112K
  class space    used 5924K, committed 6464K, reserved 1048576K
}
Event: 10.867 GC heap before
{Heap before GC invocations=64 (full 2):
 PSYoungGen      total 21504K, used 21088K [0x00000000d5580000, 0x00000000d6b80000, 0x0000000100000000)
  eden space 20480K, 100% used [0x00000000d5580000,0x00000000d6980000,0x00000000d6980000)
  from space 1024K, 59% used [0x00000000d6a00000,0x00000000d6a98000,0x00000000d6b00000)
  to   space 512K, 0% used [0x00000000d6b00000,0x00000000d6b00000,0x00000000d6b80000)
 ParOldGen       total 79360K, used 79024K [0x0000000080000000, 0x0000000084d80000, 0x00000000d5580000)
  object space 79360K, 99% used [0x0000000080000000,0x0000000084d2c268,0x0000000084d80000)
 Metaspace       used 54657K, committed 56128K, reserved 1114112K
  class space    used 5990K, committed 6592K, reserved 1048576K
}
Event: 10.869 GC heap after
{Heap after GC invocations=64 (full 2):
 PSYoungGen      total 20992K, used 512K [0x00000000d5580000, 0x00000000d6c80000, 0x0000000100000000)
  eden space 20480K, 0% used [0x00000000d5580000,0x00000000d5580000,0x00000000d6980000)
  from space 512K, 100% used [0x00000000d6b00000,0x00000000d6b80000,0x00000000d6b80000)
  to   space 1536K, 0% used [0x00000000d6980000,0x00000000d6980000,0x00000000d6b00000)
 ParOldGen       total 79872K, used 79680K [0x0000000080000000, 0x0000000084e00000, 0x00000000d5580000)
  object space 79872K, 99% used [0x0000000080000000,0x0000000084dd0278,0x0000000084e00000)
 Metaspace       used 54657K, committed 56128K, reserved 1114112K
  class space    used 5990K, committed 6592K, reserved 1048576K
}
Event: 11.824 GC heap before
{Heap before GC invocations=65 (full 2):
 PSYoungGen      total 20992K, used 20992K [0x00000000d5580000, 0x00000000d6c80000, 0x0000000100000000)
  eden space 20480K, 100% used [0x00000000d5580000,0x00000000d6980000,0x00000000d6980000)
  from space 512K, 100% used [0x00000000d6b00000,0x00000000d6b80000,0x00000000d6b80000)
  to   space 1536K, 0% used [0x00000000d6980000,0x00000000d6980000,0x00000000d6b00000)
 ParOldGen       total 79872K, used 79680K [0x0000000080000000, 0x0000000084e00000, 0x00000000d5580000)
  object space 79872K, 99% used [0x0000000080000000,0x0000000084dd0278,0x0000000084e00000)
 Metaspace       used 56377K, committed 57856K, reserved 1114112K
  class space    used 6137K, committed 6784K, reserved 1048576K
}
Event: 11.827 GC heap after
{Heap after GC invocations=65 (full 2):
 PSYoungGen      total 22016K, used 1506K [0x00000000d5580000, 0x00000000d6e80000, 0x0000000100000000)
  eden space 20480K, 0% used [0x00000000d5580000,0x00000000d5580000,0x00000000d6980000)
  from space 1536K, 98% used [0x00000000d6980000,0x00000000d6af8a28,0x00000000d6b00000)
  to   space 2560K, 0% used [0x00000000d6c00000,0x00000000d6c00000,0x00000000d6e80000)
 ParOldGen       total 80384K, used 80372K [0x0000000080000000, 0x0000000084e80000, 0x00000000d5580000)
  object space 80384K, 99% used [0x0000000080000000,0x0000000084e7d288,0x0000000084e80000)
 Metaspace       used 56377K, committed 57856K, reserved 1114112K
  class space    used 6137K, committed 6784K, reserved 1048576K
}
Event: 11.871 GC heap before
{Heap before GC invocations=66 (full 2):
 PSYoungGen      total 22016K, used 21963K [0x00000000d5580000, 0x00000000d6e80000, 0x0000000100000000)
  eden space 20480K, 99% used [0x00000000d5580000,0x00000000d697a3b0,0x00000000d6980000)
  from space 1536K, 98% used [0x00000000d6980000,0x00000000d6af8a28,0x00000000d6b00000)
  to   space 2560K, 0% used [0x00000000d6c00000,0x00000000d6c00000,0x00000000d6e80000)
 ParOldGen       total 80384K, used 80372K [0x0000000080000000, 0x0000000084e80000, 0x00000000d5580000)
  object space 80384K, 99% used [0x0000000080000000,0x0000000084e7d288,0x0000000084e80000)
 Metaspace       used 56406K, committed 57856K, reserved 1114112K
  class space    used 6137K, committed 6784K, reserved 1048576K
}
Event: 11.873 GC heap after
{Heap after GC invocations=66 (full 2):
 PSYoungGen      total 22016K, used 1170K [0x00000000d5580000, 0x00000000d6d80000, 0x0000000100000000)
  eden space 20480K, 0% used [0x00000000d5580000,0x00000000d5580000,0x00000000d6980000)
  from space 1536K, 76% used [0x00000000d6c00000,0x00000000d6d24b20,0x00000000d6d80000)
  to   space 2048K, 0% used [0x00000000d6980000,0x00000000d6980000,0x00000000d6b80000)
 ParOldGen       total 81920K, used 81888K [0x0000000080000000, 0x0000000085000000, 0x00000000d5580000)
  object space 81920K, 99% used [0x0000000080000000,0x0000000084ff8340,0x0000000085000000)
 Metaspace       used 56406K, committed 57856K, reserved 1114112K
  class space    used 6137K, committed 6784K, reserved 1048576K
}
Event: 11.949 GC heap before
{Heap before GC invocations=67 (full 2):
 PSYoungGen      total 22016K, used 21650K [0x00000000d5580000, 0x00000000d6d80000, 0x0000000100000000)
  eden space 20480K, 100% used [0x00000000d5580000,0x00000000d6980000,0x00000000d6980000)
  from space 1536K, 76% used [0x00000000d6c00000,0x00000000d6d24b20,0x00000000d6d80000)
  to   space 2048K, 0% used [0x00000000d6980000,0x00000000d6980000,0x00000000d6b80000)
 ParOldGen       total 81920K, used 81888K [0x0000000080000000, 0x0000000085000000, 0x00000000d5580000)
  object space 81920K, 99% used [0x0000000080000000,0x0000000084ff8340,0x0000000085000000)
 Metaspace       used 57449K, committed 58880K, reserved 1114112K
  class space    used 6232K, committed 6848K, reserved 1048576K
}
Event: 11.950 GC heap after
{Heap after GC invocations=67 (full 2):
 PSYoungGen      total 22528K, used 305K [0x00000000d5580000, 0x00000000d6c80000, 0x0000000100000000)
  eden space 20480K, 0% used [0x00000000d5580000,0x00000000d5580000,0x00000000d6980000)
  from space 2048K, 14% used [0x00000000d6980000,0x00000000d69cc7d0,0x00000000d6b80000)
  to   space 1024K, 0% used [0x00000000d6b80000,0x00000000d6b80000,0x00000000d6c80000)
 ParOldGen       total 82432K, used 82032K [0x0000000080000000, 0x0000000085080000, 0x00000000d5580000)
  object space 82432K, 99% used [0x0000000080000000,0x000000008501c340,0x0000000085080000)
 Metaspace       used 57449K, committed 58880K, reserved 1114112K
  class space    used 6232K, committed 6848K, reserved 1048576K
}
Event: 12.756 GC heap before
{Heap before GC invocations=68 (full 2):
 PSYoungGen      total 22528K, used 5184K [0x00000000d5580000, 0x00000000d6c80000, 0x0000000100000000)
  eden space 20480K, 23% used [0x00000000d5580000,0x00000000d5a43878,0x00000000d6980000)
  from space 2048K, 14% used [0x00000000d6980000,0x00000000d69cc7d0,0x00000000d6b80000)
  to   space 1024K, 0% used [0x00000000d6b80000,0x00000000d6b80000,0x00000000d6c80000)
 ParOldGen       total 82432K, used 82032K [0x0000000080000000, 0x0000000085080000, 0x00000000d5580000)
  object space 82432K, 99% used [0x0000000080000000,0x000000008501c340,0x0000000085080000)
 Metaspace       used 58392K, committed 59776K, reserved 1114112K
  class space    used 6312K, committed 6912K, reserved 1048576K
}
Event: 12.758 GC heap after
{Heap after GC invocations=68 (full 2):
 PSYoungGen      total 20992K, used 320K [0x00000000d5580000, 0x00000000d6c00000, 0x0000000100000000)
  eden space 20480K, 0% used [0x00000000d5580000,0x00000000d5580000,0x00000000d6980000)
  from space 512K, 62% used [0x00000000d6b80000,0x00000000d6bd0000,0x00000000d6c00000)
  to   space 512K, 0% used [0x00000000d6b00000,0x00000000d6b00000,0x00000000d6b80000)
 ParOldGen       total 82432K, used 82080K [0x0000000080000000, 0x0000000085080000, 0x00000000d5580000)
  object space 82432K, 99% used [0x0000000080000000,0x0000000085028340,0x0000000085080000)
 Metaspace       used 58392K, committed 59776K, reserved 1114112K
  class space    used 6312K, committed 6912K, reserved 1048576K
}
Event: 12.758 GC heap before
{Heap before GC invocations=69 (full 3):
 PSYoungGen      total 20992K, used 320K [0x00000000d5580000, 0x00000000d6c00000, 0x0000000100000000)
  eden space 20480K, 0% used [0x00000000d5580000,0x00000000d5580000,0x00000000d6980000)
  from space 512K, 62% used [0x00000000d6b80000,0x00000000d6bd0000,0x00000000d6c00000)
  to   space 512K, 0% used [0x00000000d6b00000,0x00000000d6b00000,0x00000000d6b80000)
 ParOldGen       total 82432K, used 82080K [0x0000000080000000, 0x0000000085080000, 0x00000000d5580000)
  object space 82432K, 99% used [0x0000000080000000,0x0000000085028340,0x0000000085080000)
 Metaspace       used 58392K, committed 59776K, reserved 1114112K
  class space    used 6312K, committed 6912K, reserved 1048576K
}
Event: 12.853 GC heap after
{Heap after GC invocations=69 (full 3):
 PSYoungGen      total 20992K, used 0K [0x00000000d5580000, 0x00000000d6c00000, 0x0000000100000000)
  eden space 20480K, 0% used [0x00000000d5580000,0x00000000d5580000,0x00000000d6980000)
  from space 512K, 0% used [0x00000000d6b80000,0x00000000d6b80000,0x00000000d6c00000)
  to   space 512K, 0% used [0x00000000d6b00000,0x00000000d6b00000,0x00000000d6b80000)
 ParOldGen       total 82432K, used 62385K [0x0000000080000000, 0x0000000085080000, 0x00000000d5580000)
  object space 82432K, 75% used [0x0000000080000000,0x0000000083cec4c0,0x0000000085080000)
 Metaspace       used 58392K, committed 59776K, reserved 1114112K
  class space    used 6312K, committed 6912K, reserved 1048576K
}
Event: 12.989 GC heap before
{Heap before GC invocations=70 (full 3):
 PSYoungGen      total 20992K, used 18661K [0x00000000d5580000, 0x00000000d6c00000, 0x0000000100000000)
  eden space 20480K, 91% used [0x00000000d5580000,0x00000000d67b96e8,0x00000000d6980000)
  from space 512K, 0% used [0x00000000d6b80000,0x00000000d6b80000,0x00000000d6c00000)
  to   space 512K, 0% used [0x00000000d6b00000,0x00000000d6b00000,0x00000000d6b80000)
 ParOldGen       total 82432K, used 62385K [0x0000000080000000, 0x0000000085080000, 0x00000000d5580000)
  object space 82432K, 75% used [0x0000000080000000,0x0000000083cec4c0,0x0000000085080000)
 Metaspace       used 59409K, committed 60864K, reserved 1114112K
  class space    used 6426K, committed 7040K, reserved 1048576K
}
Event: 12.991 GC heap after
{Heap after GC invocations=70 (full 3):
 PSYoungGen      total 20992K, used 512K [0x00000000d5580000, 0x00000000d7380000, 0x0000000100000000)
  eden space 20480K, 0% used [0x00000000d5580000,0x00000000d5580000,0x00000000d6980000)
  from space 512K, 100% used [0x00000000d6b00000,0x00000000d6b80000,0x00000000d6b80000)
  to   space 5120K, 0% used [0x00000000d6e80000,0x00000000d6e80000,0x00000000d7380000)
 ParOldGen       total 82432K, used 66286K [0x0000000080000000, 0x0000000085080000, 0x00000000d5580000)
  object space 82432K, 80% used [0x0000000080000000,0x00000000840bbbd0,0x0000000085080000)
 Metaspace       used 59409K, committed 60864K, reserved 1114112K
  class space    used 6426K, committed 7040K, reserved 1048576K
}

