# JRE version: OpenJDK Runtime Environment Temurin-21.0.8+9 (21.0.8+9) (build 21.0.8+9-LTS)
# Java VM: OpenJDK 64-Bit Server VM Temurin-21.0.8+9 (21.0.8+9-LTS, mixed mode, sharing, tiered, compressed oops, compressed class ptrs, parallel gc, windows-amd64)
GC Precious Log:
 CardTable entry size: 512
 CPUs: 12 total, 12 available
 Memory: 7895M
 Large Page Support: Disabled
 NUMA Support: Disabled
 Compressed Oops: Enabled (32-bit)
 Alignments: Space 512K, Generation 512K, Heap 2M
 Heap Min Capacity: 100M
 Heap Initial Capacity: 100M
 Heap Max Capacity: 2G
 Pre-touch: Disabled
 Parallel Workers: 10
Heap:
 PSYoungGen      total 4608K, used 3529K [0x00000000d5580000, 0x00000000d5d00000, 0x0000000100000000)
  eden space 4096K, 73% used [0x00000000d5580000,0x00000000d5872740,0x00000000d5980000)
  from space 512K, 100% used [0x00000000d5c80000,0x00000000d5d00000,0x00000000d5d00000)
  to   space 1024K, 0% used [0x00000000d5b00000,0x00000000d5b00000,0x00000000d5c00000)
 ParOldGen       total 533504K, used 533129K [0x0000000080000000, 0x00000000a0900000, 0x00000000d5580000)
  object space 533504K, 99% used [0x0000000080000000,0x00000000a08a2440,0x00000000a0900000)
 Metaspace       used 70331K, committed 71936K, reserved 1114112K
  class space    used 7339K, committed 8064K, reserved 1048576K
GC Heap History (20 events):
Event: 40.944 GC heap before
{Heap before GC invocations=998 (full 3):
 PSYoungGen      total 7680K, used 7290K [0x00000000d5580000, 0x00000000d6280000, 0x0000000100000000)
  eden space 4096K, 100% used [0x00000000d5580000,0x00000000d5980000,0x00000000d5980000)
  from space 3584K, 89% used [0x00000000d5f00000,0x00000000d621eac0,0x00000000d6280000)
  to   space 4096K, 0% used [0x00000000d5a80000,0x00000000d5a80000,0x00000000d5e80000)
 ParOldGen       total 526848K, used 526583K [0x0000000080000000, 0x00000000a0280000, 0x00000000d5580000)
  object space 526848K, 99% used [0x0000000080000000,0x00000000a023dd90,0x00000000a0280000)
 Metaspace       used 67747K, committed 69312K, reserved 1114112K
  class space    used 7054K, committed 7744K, reserved 1048576K
}
Event: 40.947 GC heap after
{Heap after GC invocations=998 (full 3):
 PSYoungGen      total 4608K, used 368K [0x00000000d5580000, 0x00000000d5f80000, 0x0000000100000000)
  eden space 4096K, 0% used [0x00000000d5580000,0x00000000d5580000,0x00000000d5980000)
  from space 512K, 71% used [0x00000000d5a80000,0x00000000d5adc010,0x00000000d5b00000)
  to   space 1536K, 0% used [0x00000000d5e00000,0x00000000d5e00000,0x00000000d5f80000)
 ParOldGen       total 528896K, used 528548K [0x0000000080000000, 0x00000000a0480000, 0x00000000d5580000)
  object space 528896K, 99% used [0x0000000080000000,0x00000000a04292f0,0x00000000a0480000)
 Metaspace       used 67747K, committed 69312K, reserved 1114112K
  class space    used 7054K, committed 7744K, reserved 1048576K
}
Event: 40.979 GC heap before
{Heap before GC invocations=999 (full 3):
 PSYoungGen      total 4608K, used 4464K [0x00000000d5580000, 0x00000000d5f80000, 0x0000000100000000)
  eden space 4096K, 100% used [0x00000000d5580000,0x00000000d5980000,0x00000000d5980000)
  from space 512K, 71% used [0x00000000d5a80000,0x00000000d5adc010,0x00000000d5b00000)
  to   space 1536K, 0% used [0x00000000d5e00000,0x00000000d5e00000,0x00000000d5f80000)
 ParOldGen       total 528896K, used 528548K [0x0000000080000000, 0x00000000a0480000, 0x00000000d5580000)
  object space 528896K, 99% used [0x0000000080000000,0x00000000a04292f0,0x00000000a0480000)
 Metaspace       used 67936K, committed 69440K, reserved 1114112K
  class space    used 7085K, committed 7744K, reserved 1048576K
}
Event: 40.983 GC heap after
{Heap after GC invocations=999 (full 3):
 PSYoungGen      total 5120K, used 960K [0x00000000d5580000, 0x00000000d5f00000, 0x0000000100000000)
  eden space 4096K, 0% used [0x00000000d5580000,0x00000000d5580000,0x00000000d5980000)
  from space 1024K, 93% used [0x00000000d5e00000,0x00000000d5ef0030,0x00000000d5f00000)
  to   space 1536K, 0% used [0x00000000d5c00000,0x00000000d5c00000,0x00000000d5d80000)
 ParOldGen       total 528896K, used 528772K [0x0000000080000000, 0x00000000a0480000, 0x00000000d5580000)
  object space 528896K, 99% used [0x0000000080000000,0x00000000a0461300,0x00000000a0480000)
 Metaspace       used 67936K, committed 69440K, reserved 1114112K
  class space    used 7085K, committed 7744K, reserved 1048576K
}
Event: 41.136 GC heap before
{Heap before GC invocations=1000 (full 3):
 PSYoungGen      total 5120K, used 5056K [0x00000000d5580000, 0x00000000d5f00000, 0x0000000100000000)
  eden space 4096K, 99% used [0x00000000d5580000,0x00000000d597ffd8,0x00000000d5980000)
  from space 1024K, 93% used [0x00000000d5e00000,0x00000000d5ef0030,0x00000000d5f00000)
  to   space 1536K, 0% used [0x00000000d5c00000,0x00000000d5c00000,0x00000000d5d80000)
 ParOldGen       total 528896K, used 528772K [0x0000000080000000, 0x00000000a0480000, 0x00000000d5580000)
  object space 528896K, 99% used [0x0000000080000000,0x00000000a0461300,0x00000000a0480000)
 Metaspace       used 68146K, committed 69696K, reserved 1114112K
  class space    used 7106K, committed 7744K, reserved 1048576K
}
Event: 41.140 GC heap after
{Heap after GC invocations=1000 (full 3):
 PSYoungGen      total 5632K, used 624K [0x00000000d5580000, 0x00000000d5e80000, 0x0000000100000000)
  eden space 4096K, 0% used [0x00000000d5580000,0x00000000d5580000,0x00000000d5980000)
  from space 1536K, 40% used [0x00000000d5c00000,0x00000000d5c9c090,0x00000000d5d80000)
  to   space 1024K, 0% used [0x00000000d5d80000,0x00000000d5d80000,0x00000000d5e80000)
 ParOldGen       total 529920K, used 529503K [0x0000000080000000, 0x00000000a0580000, 0x00000000d5580000)
  object space 529920K, 99% used [0x0000000080000000,0x00000000a0517c40,0x00000000a0580000)
 Metaspace       used 68146K, committed 69696K, reserved 1114112K
  class space    used 7106K, committed 7744K, reserved 1048576K
}
Event: 42.188 GC heap before
{Heap before GC invocations=1001 (full 3):
 PSYoungGen      total 5632K, used 4720K [0x00000000d5580000, 0x00000000d5e80000, 0x0000000100000000)
  eden space 4096K, 99% used [0x00000000d5580000,0x00000000d597fff8,0x00000000d5980000)
  from space 1536K, 40% used [0x00000000d5c00000,0x00000000d5c9c090,0x00000000d5d80000)
  to   space 1024K, 0% used [0x00000000d5d80000,0x00000000d5d80000,0x00000000d5e80000)
 ParOldGen       total 529920K, used 529503K [0x0000000080000000, 0x00000000a0580000, 0x00000000d5580000)
  object space 529920K, 99% used [0x0000000080000000,0x00000000a0517c40,0x00000000a0580000)
 Metaspace       used 68391K, committed 69952K, reserved 1114112K
  class space    used 7132K, committed 7808K, reserved 1048576K
}
Event: 42.191 GC heap after
{Heap after GC invocations=1001 (full 3):
 PSYoungGen      total 4608K, used 320K [0x00000000d5580000, 0x00000000d5e00000, 0x0000000100000000)
  eden space 4096K, 0% used [0x00000000d5580000,0x00000000d5580000,0x00000000d5980000)
  from space 512K, 62% used [0x00000000d5d80000,0x00000000d5dd0020,0x00000000d5e00000)
  to   space 512K, 0% used [0x00000000d5d00000,0x00000000d5d00000,0x00000000d5d80000)
 ParOldGen       total 529920K, used 529847K [0x0000000080000000, 0x00000000a0580000, 0x00000000d5580000)
  object space 529920K, 99% used [0x0000000080000000,0x00000000a056dcc0,0x00000000a0580000)
 Metaspace       used 68391K, committed 69952K, reserved 1114112K
  class space    used 7132K, committed 7808K, reserved 1048576K
}
Event: 42.504 GC heap before
{Heap before GC invocations=1002 (full 3):
 PSYoungGen      total 4608K, used 4416K [0x00000000d5580000, 0x00000000d5e00000, 0x0000000100000000)
  eden space 4096K, 100% used [0x00000000d5580000,0x00000000d5980000,0x00000000d5980000)
  from space 512K, 62% used [0x00000000d5d80000,0x00000000d5dd0020,0x00000000d5e00000)
  to   space 512K, 0% used [0x00000000d5d00000,0x00000000d5d00000,0x00000000d5d80000)
 ParOldGen       total 529920K, used 529847K [0x0000000080000000, 0x00000000a0580000, 0x00000000d5580000)
  object space 529920K, 99% used [0x0000000080000000,0x00000000a056dcc0,0x00000000a0580000)
 Metaspace       used 68592K, committed 70080K, reserved 1114112K
  class space    used 7145K, committed 7808K, reserved 1048576K
}
Event: 42.505 GC heap after
{Heap after GC invocations=1002 (full 3):
 PSYoungGen      total 4608K, used 507K [0x00000000d5580000, 0x00000000d5e00000, 0x0000000100000000)
  eden space 4096K, 0% used [0x00000000d5580000,0x00000000d5580000,0x00000000d5980000)
  from space 512K, 99% used [0x00000000d5d00000,0x00000000d5d7ef98,0x00000000d5d80000)
  to   space 512K, 0% used [0x00000000d5d80000,0x00000000d5d80000,0x00000000d5e00000)
 ParOldGen       total 530432K, used 530021K [0x0000000080000000, 0x00000000a0600000, 0x00000000d5580000)
  object space 530432K, 99% used [0x0000000080000000,0x00000000a0599720,0x00000000a0600000)
 Metaspace       used 68592K, committed 70080K, reserved 1114112K
  class space    used 7145K, committed 7808K, reserved 1048576K
}
Event: 51.455 GC heap before
{Heap before GC invocations=1003 (full 3):
 PSYoungGen      total 4608K, used 4603K [0x00000000d5580000, 0x00000000d5e00000, 0x0000000100000000)
  eden space 4096K, 99% used [0x00000000d5580000,0x00000000d597fff0,0x00000000d5980000)
  from space 512K, 99% used [0x00000000d5d00000,0x00000000d5d7ef98,0x00000000d5d80000)
  to   space 512K, 0% used [0x00000000d5d80000,0x00000000d5d80000,0x00000000d5e00000)
 ParOldGen       total 530432K, used 530021K [0x0000000080000000, 0x00000000a0600000, 0x00000000d5580000)
  object space 530432K, 99% used [0x0000000080000000,0x00000000a0599720,0x00000000a0600000)
 Metaspace       used 68990K, committed 70464K, reserved 1114112K
  class space    used 7178K, committed 7808K, reserved 1048576K
}
Event: 51.458 GC heap after
{Heap after GC invocations=1003 (full 3):
 PSYoungGen      total 4608K, used 512K [0x00000000d5580000, 0x00000000d5e00000, 0x0000000100000000)
  eden space 4096K, 0% used [0x00000000d5580000,0x00000000d5580000,0x00000000d5980000)
  from space 512K, 100% used [0x00000000d5d80000,0x00000000d5e00000,0x00000000d5e00000)
  to   space 1024K, 0% used [0x00000000d5c00000,0x00000000d5c00000,0x00000000d5d00000)
 ParOldGen       total 530432K, used 530277K [0x0000000080000000, 0x00000000a0600000, 0x00000000d5580000)
  object space 530432K, 99% used [0x0000000080000000,0x00000000a05d9720,0x00000000a0600000)
 Metaspace       used 68990K, committed 70464K, reserved 1114112K
  class space    used 7178K, committed 7808K, reserved 1048576K
}
Event: 51.567 GC heap before
{Heap before GC invocations=1004 (full 3):
 PSYoungGen      total 4608K, used 4607K [0x00000000d5580000, 0x00000000d5e00000, 0x0000000100000000)
  eden space 4096K, 99% used [0x00000000d5580000,0x00000000d597fff8,0x00000000d5980000)
  from space 512K, 100% used [0x00000000d5d80000,0x00000000d5e00000,0x00000000d5e00000)
  to   space 1024K, 0% used [0x00000000d5c00000,0x00000000d5c00000,0x00000000d5d00000)
 ParOldGen       total 530432K, used 530277K [0x0000000080000000, 0x00000000a0600000, 0x00000000d5580000)
  object space 530432K, 99% used [0x0000000080000000,0x00000000a05d9720,0x00000000a0600000)
 Metaspace       used 69096K, committed 70720K, reserved 1114112K
  class space    used 7188K, committed 7936K, reserved 1048576K
}
Event: 51.570 GC heap after
{Heap after GC invocations=1004 (full 3):
 PSYoungGen      total 5120K, used 1008K [0x00000000d5580000, 0x00000000d5e00000, 0x0000000100000000)
  eden space 4096K, 0% used [0x00000000d5580000,0x00000000d5580000,0x00000000d5980000)
  from space 1024K, 98% used [0x00000000d5c00000,0x00000000d5cfc010,0x00000000d5d00000)
  to   space 1024K, 0% used [0x00000000d5d00000,0x00000000d5d00000,0x00000000d5e00000)
 ParOldGen       total 530944K, used 530605K [0x0000000080000000, 0x00000000a0680000, 0x00000000d5580000)
  object space 530944K, 99% used [0x0000000080000000,0x00000000a062b4a0,0x00000000a0680000)
 Metaspace       used 69096K, committed 70720K, reserved 1114112K
  class space    used 7188K, committed 7936K, reserved 1048576K
}
Event: 51.614 GC heap before
{Heap before GC invocations=1005 (full 3):
 PSYoungGen      total 5120K, used 5104K [0x00000000d5580000, 0x00000000d5e00000, 0x0000000100000000)
  eden space 4096K, 99% used [0x00000000d5580000,0x00000000d597fff0,0x00000000d5980000)
  from space 1024K, 98% used [0x00000000d5c00000,0x00000000d5cfc010,0x00000000d5d00000)
  to   space 1024K, 0% used [0x00000000d5d00000,0x00000000d5d00000,0x00000000d5e00000)
 ParOldGen       total 530944K, used 530605K [0x0000000080000000, 0x00000000a0680000, 0x00000000d5580000)
  object space 530944K, 99% used [0x0000000080000000,0x00000000a062b4a0,0x00000000a0680000)
 Metaspace       used 69240K, committed 70848K, reserved 1114112K
  class space    used 7195K, committed 7936K, reserved 1048576K
}
Event: 51.615 GC heap after
{Heap after GC invocations=1005 (full 3):
 PSYoungGen      total 5120K, used 1024K [0x00000000d5580000, 0x00000000d5e80000, 0x0000000100000000)
  eden space 4096K, 0% used [0x00000000d5580000,0x00000000d5580000,0x00000000d5980000)
  from space 1024K, 100% used [0x00000000d5d00000,0x00000000d5e00000,0x00000000d5e00000)
  to   space 2560K, 0% used [0x00000000d5980000,0x00000000d5980000,0x00000000d5c00000)
 ParOldGen       total 531968K, used 531501K [0x0000000080000000, 0x00000000a0780000, 0x00000000d5580000)
  object space 531968K, 99% used [0x0000000080000000,0x00000000a070b450,0x00000000a0780000)
 Metaspace       used 69240K, committed 70848K, reserved 1114112K
  class space    used 7195K, committed 7936K, reserved 1048576K
}
Event: 51.666 GC heap before
{Heap before GC invocations=1006 (full 3):
 PSYoungGen      total 5120K, used 5113K [0x00000000d5580000, 0x00000000d5e80000, 0x0000000100000000)
  eden space 4096K, 99% used [0x00000000d5580000,0x00000000d597e4d0,0x00000000d5980000)
  from space 1024K, 100% used [0x00000000d5d00000,0x00000000d5e00000,0x00000000d5e00000)
  to   space 2560K, 0% used [0x00000000d5980000,0x00000000d5980000,0x00000000d5c00000)
 ParOldGen       total 531968K, used 531501K [0x0000000080000000, 0x00000000a0780000, 0x00000000d5580000)
  object space 531968K, 99% used [0x0000000080000000,0x00000000a070b450,0x00000000a0780000)
 Metaspace       used 69656K, committed 71296K, reserved 1114112K
  class space    used 7229K, committed 8000K, reserved 1048576K
}
Event: 51.669 GC heap after
{Heap after GC invocations=1006 (full 3):
 PSYoungGen      total 6656K, used 320K [0x00000000d5580000, 0x00000000d5d80000, 0x0000000100000000)
  eden space 4096K, 0% used [0x00000000d5580000,0x00000000d5580000,0x00000000d5980000)
  from space 2560K, 12% used [0x00000000d5980000,0x00000000d59d0000,0x00000000d5c00000)
  to   space 1024K, 0% used [0x00000000d5c80000,0x00000000d5c80000,0x00000000d5d80000)
 ParOldGen       total 532480K, used 532413K [0x0000000080000000, 0x00000000a0800000, 0x00000000d5580000)
  object space 532480K, 99% used [0x0000000080000000,0x00000000a07ef580,0x00000000a0800000)
 Metaspace       used 69656K, committed 71296K, reserved 1114112K
  class space    used 7229K, committed 8000K, reserved 1048576K
}
Event: 51.719 GC heap before
{Heap before GC invocations=1007 (full 3):
 PSYoungGen      total 6656K, used 4416K [0x00000000d5580000, 0x00000000d5d80000, 0x0000000100000000)
  eden space 4096K, 100% used [0x00000000d5580000,0x00000000d5980000,0x00000000d5980000)
  from space 2560K, 12% used [0x00000000d5980000,0x00000000d59d0000,0x00000000d5c00000)
  to   space 1024K, 0% used [0x00000000d5c80000,0x00000000d5c80000,0x00000000d5d80000)
 ParOldGen       total 532480K, used 532413K [0x0000000080000000, 0x00000000a0800000, 0x00000000d5580000)
  object space 532480K, 99% used [0x0000000080000000,0x00000000a07ef580,0x00000000a0800000)
 Metaspace       used 70082K, committed 71680K, reserved 1114112K
  class space    used 7311K, committed 8064K, reserved 1048576K
}
Event: 51.721 GC heap after
{Heap after GC invocations=1007 (full 3):
 PSYoungGen      total 4608K, used 352K [0x00000000d5580000, 0x00000000d5d00000, 0x0000000100000000)
  eden space 4096K, 0% used [0x00000000d5580000,0x00000000d5580000,0x00000000d5980000)
  from space 512K, 68% used [0x00000000d5c80000,0x00000000d5cd8000,0x00000000d5d00000)
  to   space 512K, 0% used [0x00000000d5c00000,0x00000000d5c00000,0x00000000d5c80000)
 ParOldGen       total 532992K, used 532584K [0x0000000080000000, 0x00000000a0880000, 0x00000000d5580000)
  object space 532992K, 99% used [0x0000000080000000,0x00000000a081a300,0x00000000a0880000)
 Metaspace       used 70082K, committed 71680K, reserved 1114112K
  class space    used 7311K, committed 8064K, reserved 1048576K
}

